{"/home/travis/build/npmtest/node-npmtest-react-router-dom/test.js":{"path":"/home/travis/build/npmtest/node-npmtest-react-router-dom/test.js","s":{"1":2,"2":2,"3":2,"4":2,"5":2,"6":2,"7":2,"8":1,"9":2,"10":2,"11":1,"12":1,"13":1,"14":1,"15":2,"16":2,"17":2,"18":2,"19":1,"20":1,"21":2,"22":2,"23":2,"24":1,"25":1,"26":1,"27":1,"28":1,"29":1,"30":1,"31":1,"32":1,"33":1,"34":1,"35":1,"36":1,"37":1,"38":1,"39":2,"40":2,"41":1,"42":2,"43":2,"44":1,"45":2,"46":2,"47":1,"48":2,"49":2,"50":1,"51":1,"52":1,"53":1,"54":1},"b":{"1":[2,1,1,1],"2":[1,1,1,1],"3":[1,1],"4":[1,1],"5":[1,1],"6":[1,1],"7":[1,1],"8":[1,1],"9":[1,1],"10":[1,1,1],"11":[1,1],"12":[1,1],"13":[1,1],"14":[1,1],"15":[1,1],"16":[1,1],"17":[1,1]},"f":{"1":2,"2":2,"3":2,"4":2,"5":2,"6":1,"7":1,"8":1,"9":2,"10":2,"11":2,"12":2,"13":1},"fnMap":{"1":{"name":"(anonymous_1)","line":12,"loc":{"start":{"line":12,"column":1},"end":{"line":12,"column":13}}},"2":{"name":"(anonymous_2)","line":19,"loc":{"start":{"line":19,"column":5},"end":{"line":19,"column":17}}},"3":{"name":"(anonymous_3)","line":23,"loc":{"start":{"line":23,"column":24},"end":{"line":23,"column":36}}},"4":{"name":"(anonymous_4)","line":61,"loc":{"start":{"line":61,"column":5},"end":{"line":61,"column":17}}},"5":{"name":"(anonymous_5)","line":82,"loc":{"start":{"line":82,"column":5},"end":{"line":82,"column":17}}},"6":{"name":"(anonymous_6)","line":91,"loc":{"start":{"line":91,"column":77},"end":{"line":94,"column":10}}},"7":{"name":"(anonymous_7)","line":112,"loc":{"start":{"line":112,"column":83},"end":{"line":115,"column":10}},"skip":true},"8":{"name":"(anonymous_8)","line":123,"loc":{"start":{"line":123,"column":77},"end":{"line":126,"column":10}},"skip":true},"9":{"name":"(anonymous_9)","line":139,"loc":{"start":{"line":139,"column":12},"end":{"line":139,"column":40}},"skip":true},"10":{"name":"(anonymous_10)","line":147,"loc":{"start":{"line":147,"column":77},"end":{"line":150,"column":10}},"skip":true},"11":{"name":"(anonymous_11)","line":158,"loc":{"start":{"line":158,"column":83},"end":{"line":161,"column":10}},"skip":true},"12":{"name":"(anonymous_12)","line":169,"loc":{"start":{"line":169,"column":79},"end":{"line":172,"column":10}},"skip":true},"13":{"name":"(anonymous_13)","line":180,"loc":{"start":{"line":180,"column":75},"end":{"line":183,"column":10}},"skip":true}},"statementMap":{"1":{"start":{"line":12,"column":0},"end":{"line":195,"column":5}},"2":{"start":{"line":14,"column":4},"end":{"line":14,"column":14}},"3":{"start":{"line":19,"column":4},"end":{"line":56,"column":9}},"4":{"start":{"line":21,"column":8},"end":{"line":21,"column":19}},"5":{"start":{"line":23,"column":8},"end":{"line":35,"column":13}},"6":{"start":{"line":24,"column":12},"end":{"line":34,"column":13}},"7":{"start":{"line":25,"column":16},"end":{"line":28,"column":30}},"8":{"start":{"line":30,"column":16},"end":{"line":33,"column":27}},"9":{"start":{"line":37,"column":8},"end":{"line":39,"column":21}},"10":{"start":{"line":40,"column":8},"end":{"line":53,"column":9}},"11":{"start":{"line":43,"column":12},"end":{"line":46,"column":14}},"12":{"start":{"line":47,"column":12},"end":{"line":47,"column":18}},"13":{"start":{"line":50,"column":12},"end":{"line":51,"column":46}},"14":{"start":{"line":52,"column":12},"end":{"line":52,"column":18}},"15":{"start":{"line":55,"column":8},"end":{"line":55,"column":35}},"16":{"start":{"line":61,"column":4},"end":{"line":63,"column":9}},"17":{"start":{"line":62,"column":8},"end":{"line":62,"column":15}},"18":{"start":{"line":64,"column":4},"end":{"line":77,"column":5}},"19":{"start":{"line":70,"column":8},"end":{"line":70,"column":14}},"20":{"start":{"line":76,"column":8},"end":{"line":76,"column":14}},"21":{"start":{"line":82,"column":4},"end":{"line":84,"column":9}},"22":{"start":{"line":83,"column":8},"end":{"line":83,"column":15}},"23":{"start":{"line":85,"column":4},"end":{"line":194,"column":5}},"24":{"start":{"line":91,"column":8},"end":{"line":99,"column":10}},"25":{"start":{"line":98,"column":12},"end":{"line":98,"column":35}},"26":{"start":{"line":102,"column":8},"end":{"line":104,"column":63}},"27":{"start":{"line":105,"column":8},"end":{"line":105,"column":14}},"28":{"start":{"line":112,"column":8},"end":{"line":121,"column":10},"skip":true},"29":{"start":{"line":119,"column":12},"end":{"line":119,"column":55},"skip":true},"30":{"start":{"line":120,"column":12},"end":{"line":120,"column":48},"skip":true},"31":{"start":{"line":123,"column":8},"end":{"line":136,"column":10},"skip":true},"32":{"start":{"line":130,"column":12},"end":{"line":130,"column":76},"skip":true},"33":{"start":{"line":131,"column":12},"end":{"line":131,"column":73},"skip":true},"34":{"start":{"line":132,"column":12},"end":{"line":132,"column":74},"skip":true},"35":{"start":{"line":133,"column":12},"end":{"line":133,"column":79},"skip":true},"36":{"start":{"line":134,"column":12},"end":{"line":134,"column":25},"skip":true},"37":{"start":{"line":135,"column":12},"end":{"line":135,"column":45},"skip":true},"38":{"start":{"line":138,"column":8},"end":{"line":145,"column":14},"skip":true},"39":{"start":{"line":143,"column":16},"end":{"line":143,"column":29},"skip":true},"40":{"start":{"line":144,"column":16},"end":{"line":144,"column":55},"skip":true},"41":{"start":{"line":147,"column":8},"end":{"line":156,"column":10},"skip":true},"42":{"start":{"line":154,"column":12},"end":{"line":154,"column":25},"skip":true},"43":{"start":{"line":155,"column":12},"end":{"line":155,"column":45},"skip":true},"44":{"start":{"line":158,"column":8},"end":{"line":167,"column":10},"skip":true},"45":{"start":{"line":165,"column":12},"end":{"line":165,"column":25},"skip":true},"46":{"start":{"line":166,"column":12},"end":{"line":166,"column":48},"skip":true},"47":{"start":{"line":169,"column":8},"end":{"line":178,"column":10},"skip":true},"48":{"start":{"line":176,"column":12},"end":{"line":176,"column":25},"skip":true},"49":{"start":{"line":177,"column":12},"end":{"line":177,"column":46},"skip":true},"50":{"start":{"line":180,"column":8},"end":{"line":189,"column":10},"skip":true},"51":{"start":{"line":187,"column":12},"end":{"line":187,"column":94},"skip":true},"52":{"start":{"line":188,"column":12},"end":{"line":188,"column":48},"skip":true},"53":{"start":{"line":192,"column":8},"end":{"line":192,"column":35},"skip":true},"54":{"start":{"line":193,"column":8},"end":{"line":193,"column":14},"skip":true}},"branchMap":{"1":{"line":25,"type":"binary-expr","locations":[{"start":{"line":25,"column":23},"end":{"line":25,"column":62}},{"start":{"line":26,"column":20},"end":{"line":26,"column":70}},{"start":{"line":27,"column":20},"end":{"line":27,"column":71}},{"start":{"line":28,"column":20},"end":{"line":28,"column":29}}]},"2":{"line":30,"type":"binary-expr","locations":[{"start":{"line":30,"column":23},"end":{"line":30,"column":37}},{"start":{"line":31,"column":20},"end":{"line":31,"column":61}},{"start":{"line":32,"column":20},"end":{"line":32,"column":70}},{"start":{"line":33,"column":20},"end":{"line":33,"column":26}}]},"3":{"line":37,"type":"cond-expr","locations":[{"start":{"line":38,"column":14},"end":{"line":38,"column":20}},{"start":{"line":39,"column":14},"end":{"line":39,"column":20}}]},"4":{"line":40,"type":"switch","locations":[{"start":{"line":42,"column":8},"end":{"line":47,"column":18}},{"start":{"line":49,"column":8},"end":{"line":52,"column":18}}]},"5":{"line":44,"type":"binary-expr","locations":[{"start":{"line":44,"column":16},"end":{"line":44,"column":44}},{"start":{"line":44,"column":48},"end":{"line":44,"column":66}}]},"6":{"line":50,"type":"binary-expr","locations":[{"start":{"line":50,"column":21},"end":{"line":50,"column":49}},{"start":{"line":50,"column":53},"end":{"line":50,"column":72}}]},"7":{"line":64,"type":"switch","locations":[{"start":{"line":69,"column":4},"end":{"line":70,"column":14}},{"start":{"line":75,"column":4},"end":{"line":76,"column":14}}]},"8":{"line":85,"type":"switch","locations":[{"start":{"line":90,"column":4},"end":{"line":105,"column":14}},{"start":{"line":111,"column":4},"end":{"line":193,"column":14},"skip":true}]},"9":{"line":91,"type":"binary-expr","locations":[{"start":{"line":91,"column":42},"end":{"line":91,"column":73}},{"start":{"line":91,"column":77},"end":{"line":99,"column":9}}]},"10":{"line":102,"type":"binary-expr","locations":[{"start":{"line":102,"column":18},"end":{"line":102,"column":32}},{"start":{"line":103,"column":12},"end":{"line":103,"column":53}},{"start":{"line":104,"column":12},"end":{"line":104,"column":61}}]},"11":{"line":112,"type":"binary-expr","locations":[{"start":{"line":112,"column":45},"end":{"line":112,"column":79},"skip":true},{"start":{"line":112,"column":83},"end":{"line":121,"column":9},"skip":true}]},"12":{"line":123,"type":"binary-expr","locations":[{"start":{"line":123,"column":42},"end":{"line":123,"column":73},"skip":true},{"start":{"line":123,"column":77},"end":{"line":136,"column":9},"skip":true}]},"13":{"line":138,"type":"binary-expr","locations":[{"start":{"line":138,"column":48},"end":{"line":138,"column":85},"skip":true},{"start":{"line":139,"column":12},"end":{"line":145,"column":13},"skip":true}]},"14":{"line":147,"type":"binary-expr","locations":[{"start":{"line":147,"column":42},"end":{"line":147,"column":73},"skip":true},{"start":{"line":147,"column":77},"end":{"line":156,"column":9},"skip":true}]},"15":{"line":158,"type":"binary-expr","locations":[{"start":{"line":158,"column":45},"end":{"line":158,"column":79},"skip":true},{"start":{"line":158,"column":83},"end":{"line":167,"column":9},"skip":true}]},"16":{"line":169,"type":"binary-expr","locations":[{"start":{"line":169,"column":43},"end":{"line":169,"column":75},"skip":true},{"start":{"line":169,"column":79},"end":{"line":178,"column":9},"skip":true}]},"17":{"line":180,"type":"binary-expr","locations":[{"start":{"line":180,"column":41},"end":{"line":180,"column":71},"skip":true},{"start":{"line":180,"column":75},"end":{"line":189,"column":9},"skip":true}]}},"code":["/* istanbul instrument in package npmtest_react_router_dom */","/*jslint","    bitwise: true,","    browser: true,","    maxerr: 8,","    maxlen: 96,","    node: true,","    nomen: true,","    regexp: true,","    stupid: true","*/","(function () {","    'use strict';","    var local;","","","","    // run shared js-env code - pre-init","    (function () {","        // init local","        local = {};","        // init modeJs","        local.modeJs = (function () {","            try {","                return typeof navigator.userAgent === 'string' &&","                    typeof document.querySelector('body') === 'object' &&","                    typeof XMLHttpRequest.prototype.open === 'function' &&","                    'browser';","            } catch (errorCaughtBrowser) {","                return module.exports &&","                    typeof process.versions.node === 'string' &&","                    typeof require('http').createServer === 'function' &&","                    'node';","            }","        }());","        // init global","        local.global = local.modeJs === 'browser'","            ? window","            : global;","        switch (local.modeJs) {","        // re-init local from window.local","        case 'browser':","            local = local.global.utility2.objectSetDefault(","                local.global.utility2_rollup || local.global.local,","                local.global.utility2","            );","            break;","        // re-init local from example.js","        case 'node':","            local = (local.global.utility2_rollup || require('utility2'))","                .requireExampleJsFromReadme();","            break;","        }","        // export local","        local.global.local = local;","    }());","","","","    // run shared js-env code - function","    (function () {","        return;","    }());","    switch (local.modeJs) {","","","","    // run browser js-env code - function","    case 'browser':","        break;","","","","    // run node js-env code - function","    case 'node':","        break;","    }","","","","    // run shared js-env code - post-init","    (function () {","        return;","    }());","    switch (local.modeJs) {","","","","    // run browser js-env code - post-init","    case 'browser':","        local.testCase_browser_nullCase = local.testCase_browser_nullCase || function (","            options,","            onError","        ) {","        /*","         * this function will test browsers's null-case handling-behavior-behavior","         */","            onError(null, options);","        };","","        // run tests","        local.nop(local.modeTest &&","            document.querySelector('#testRunButton1') &&","            document.querySelector('#testRunButton1').click());","        break;","","","","    // run node js-env code - post-init","    /* istanbul ignore next */","    case 'node':","        local.testCase_buildApidoc_default = local.testCase_buildApidoc_default || function (","            options,","            onError","        ) {","        /*","         * this function will test buildApidoc's default handling-behavior-behavior","         */","            options = { modulePathList: module.paths };","            local.buildApidoc(options, onError);","        };","","        local.testCase_buildApp_default = local.testCase_buildApp_default || function (","            options,","            onError","        ) {","        /*","         * this function will test buildApp's default handling-behavior-behavior","         */","            local.testCase_buildReadme_default(options, local.onErrorThrow);","            local.testCase_buildLib_default(options, local.onErrorThrow);","            local.testCase_buildTest_default(options, local.onErrorThrow);","            local.testCase_buildCustomOrg_default(options, local.onErrorThrow);","            options = [];","            local.buildApp(options, onError);","        };","","        local.testCase_buildCustomOrg_default = local.testCase_buildCustomOrg_default ||","            function (options, onError) {","            /*","             * this function will test buildCustomOrg's default handling-behavior","             */","                options = {};","                local.buildCustomOrg(options, onError);","            };","","        local.testCase_buildLib_default = local.testCase_buildLib_default || function (","            options,","            onError","        ) {","        /*","         * this function will test buildLib's default handling-behavior","         */","            options = {};","            local.buildLib(options, onError);","        };","","        local.testCase_buildReadme_default = local.testCase_buildReadme_default || function (","            options,","            onError","        ) {","        /*","         * this function will test buildReadme's default handling-behavior-behavior","         */","            options = {};","            local.buildReadme(options, onError);","        };","","        local.testCase_buildTest_default = local.testCase_buildTest_default || function (","            options,","            onError","        ) {","        /*","         * this function will test buildTest's default handling-behavior","         */","            options = {};","            local.buildTest(options, onError);","        };","","        local.testCase_webpage_default = local.testCase_webpage_default || function (","            options,","            onError","        ) {","        /*","         * this function will test webpage's default handling-behavior","         */","            options = { modeCoverageMerge: true, url: local.serverLocalHost + '?modeTest=1' };","            local.browserTest(options, onError);","        };","","        // run test-server","        local.testRunServer(local);","        break;","    }","}());",""],"l":{"12":2,"14":2,"19":2,"21":2,"23":2,"24":2,"25":2,"30":1,"37":2,"40":2,"43":1,"47":1,"50":1,"52":1,"55":2,"61":2,"62":2,"64":2,"70":1,"76":1,"82":2,"83":2,"85":2,"91":1,"98":1,"102":1,"105":1,"112":1,"119":1,"120":1,"123":1,"130":1,"131":1,"132":1,"133":1,"134":1,"135":1,"138":1,"143":2,"144":2,"147":1,"154":2,"155":2,"158":1,"165":2,"166":2,"169":1,"176":2,"177":2,"180":1,"187":1,"188":1,"192":1,"193":1}},"/home/travis/build/npmtest/node-npmtest-react-router-dom/lib.npmtest_react_router_dom.js":{"path":"/home/travis/build/npmtest/node-npmtest-react-router-dom/lib.npmtest_react_router_dom.js","s":{"1":2,"2":2,"3":2,"4":2,"5":2,"6":2,"7":2,"8":1,"9":2,"10":2,"11":2,"12":2,"13":1,"14":1,"15":1,"16":1},"b":{"1":[2,1,1,1],"2":[1,1,1,1],"3":[1,1],"4":[2,2],"5":[1,1]},"f":{"1":2,"2":2,"3":2},"fnMap":{"1":{"name":"(anonymous_1)","line":12,"loc":{"start":{"line":12,"column":1},"end":{"line":12,"column":13}}},"2":{"name":"(anonymous_2)","line":19,"loc":{"start":{"line":19,"column":5},"end":{"line":19,"column":17}}},"3":{"name":"(anonymous_3)","line":23,"loc":{"start":{"line":23,"column":24},"end":{"line":23,"column":36}}}},"statementMap":{"1":{"start":{"line":12,"column":0},"end":{"line":53,"column":5}},"2":{"start":{"line":14,"column":4},"end":{"line":14,"column":14}},"3":{"start":{"line":19,"column":4},"end":{"line":52,"column":9}},"4":{"start":{"line":21,"column":8},"end":{"line":21,"column":19}},"5":{"start":{"line":23,"column":8},"end":{"line":35,"column":13}},"6":{"start":{"line":24,"column":12},"end":{"line":34,"column":13}},"7":{"start":{"line":25,"column":16},"end":{"line":28,"column":30}},"8":{"start":{"line":30,"column":16},"end":{"line":33,"column":27}},"9":{"start":{"line":37,"column":8},"end":{"line":39,"column":21}},"10":{"start":{"line":41,"column":8},"end":{"line":41,"column":54}},"11":{"start":{"line":43,"column":8},"end":{"line":43,"column":61}},"12":{"start":{"line":45,"column":8},"end":{"line":51,"column":9}},"13":{"start":{"line":46,"column":12},"end":{"line":46,"column":67}},"14":{"start":{"line":48,"column":12},"end":{"line":48,"column":35}},"15":{"start":{"line":49,"column":12},"end":{"line":49,"column":49}},"16":{"start":{"line":50,"column":12},"end":{"line":50,"column":43}}},"branchMap":{"1":{"line":25,"type":"binary-expr","locations":[{"start":{"line":25,"column":23},"end":{"line":25,"column":62}},{"start":{"line":26,"column":20},"end":{"line":26,"column":70}},{"start":{"line":27,"column":20},"end":{"line":27,"column":71}},{"start":{"line":28,"column":20},"end":{"line":28,"column":29}}]},"2":{"line":30,"type":"binary-expr","locations":[{"start":{"line":30,"column":23},"end":{"line":30,"column":37}},{"start":{"line":31,"column":20},"end":{"line":31,"column":61}},{"start":{"line":32,"column":20},"end":{"line":32,"column":70}},{"start":{"line":33,"column":20},"end":{"line":33,"column":26}}]},"3":{"line":37,"type":"cond-expr","locations":[{"start":{"line":38,"column":14},"end":{"line":38,"column":20}},{"start":{"line":39,"column":14},"end":{"line":39,"column":20}}]},"4":{"line":41,"type":"binary-expr","locations":[{"start":{"line":41,"column":16},"end":{"line":41,"column":44}},{"start":{"line":41,"column":48},"end":{"line":41,"column":53}}]},"5":{"line":45,"type":"if","locations":[{"start":{"line":45,"column":8},"end":{"line":45,"column":8}},{"start":{"line":45,"column":8},"end":{"line":45,"column":8}}]}},"code":["/* istanbul instrument in package npmtest_react_router_dom */","/*jslint","    bitwise: true,","    browser: true,","    maxerr: 8,","    maxlen: 96,","    node: true,","    nomen: true,","    regexp: true,","    stupid: true","*/","(function () {","    'use strict';","    var local;","","","","    // run shared js-env code - pre-init","    (function () {","        // init local","        local = {};","        // init modeJs","        local.modeJs = (function () {","            try {","                return typeof navigator.userAgent === 'string' &&","                    typeof document.querySelector('body') === 'object' &&","                    typeof XMLHttpRequest.prototype.open === 'function' &&","                    'browser';","            } catch (errorCaughtBrowser) {","                return module.exports &&","                    typeof process.versions.node === 'string' &&","                    typeof require('http').createServer === 'function' &&","                    'node';","            }","        }());","        // init global","        local.global = local.modeJs === 'browser'","            ? window","            : global;","        // init utility2_rollup","        local = local.global.utility2_rollup || local;","        // init lib","        local.local = local.npmtest_react_router_dom = local;","        // init exports","        if (local.modeJs === 'browser') {","            local.global.utility2_npmtest_react_router_dom = local;","        } else {","            module.exports = local;","            module.exports.__dirname = __dirname;","            module.exports.module = module;","        }","    }());","}());",""],"l":{"12":2,"14":2,"19":2,"21":2,"23":2,"24":2,"25":2,"30":1,"37":2,"41":2,"43":2,"45":2,"46":1,"48":1,"49":1,"50":1}},"/home/travis/build/npmtest/node-npmtest-react-router-dom/example.js":{"path":"/home/travis/build/npmtest/node-npmtest-react-router-dom/example.js","s":{"1":2,"2":2,"3":2,"4":2,"5":2,"6":2,"7":2,"8":1,"9":2,"10":2,"11":2,"12":2,"13":1,"14":2,"15":2,"16":2,"17":2,"18":2,"19":0,"20":2,"21":1,"22":1,"23":1,"24":1,"25":1,"26":0,"27":0,"28":1,"29":1,"30":2,"31":0,"32":0,"33":0,"34":1,"35":2,"36":2,"37":3,"38":3,"39":3,"40":3,"41":0,"42":3,"43":3,"44":3,"45":1,"46":3,"47":1,"48":1,"49":1,"50":1,"51":1,"52":1,"53":1,"54":1,"55":1,"56":1,"57":0,"58":1,"59":6,"60":6,"61":1,"62":2,"63":0,"64":2,"65":1,"66":1,"67":0,"68":0,"69":0,"70":0,"71":0,"72":0,"73":0,"74":0,"75":0,"76":0,"77":0,"78":0,"79":0,"80":0,"81":0,"82":0,"83":0},"b":{"1":[2,1,1,1],"2":[1,1,1,1],"3":[1,1],"4":[2,2],"5":[1,1],"6":[1,1],"7":[2,0],"8":[2,1,1,1,1,1],"9":[0,2,0],"10":[1,1],"11":[2,1,1],"12":[1,0],"13":[0,2],"14":[2,0,0,0,0,0,0],"15":[0,3],"16":[3,0],"17":[1,1],"18":[0,1],"19":[1,2,0,2],"20":[1,0],"21":[1,1],"22":[0,0],"23":[0,0],"24":[0,0],"25":[0,0],"26":[0,0],"27":[0,0],"28":[0,0]},"f":{"1":2,"2":2,"3":2,"4":2,"5":2,"6":2,"7":3,"8":3,"9":3,"10":1,"11":6,"12":0},"fnMap":{"1":{"name":"(anonymous_1)","line":26,"loc":{"start":{"line":26,"column":1},"end":{"line":26,"column":13}}},"2":{"name":"(anonymous_2)","line":33,"loc":{"start":{"line":33,"column":5},"end":{"line":33,"column":17}}},"3":{"name":"(anonymous_3)","line":37,"loc":{"start":{"line":37,"column":24},"end":{"line":37,"column":36}}},"4":{"name":"(anonymous_4)","line":69,"loc":{"start":{"line":69,"column":31},"end":{"line":69,"column":48}},"skip":true},"5":{"name":"(anonymous_5)","line":78,"loc":{"start":{"line":78,"column":26},"end":{"line":78,"column":45}},"skip":true},"6":{"name":"(anonymous_6)","line":123,"loc":{"start":{"line":123,"column":33},"end":{"line":123,"column":48}},"skip":true},"7":{"name":"(anonymous_7)","line":125,"loc":{"start":{"line":125,"column":27},"end":{"line":125,"column":39}},"skip":true},"8":{"name":"(anonymous_8)","line":133,"loc":{"start":{"line":133,"column":59},"end":{"line":133,"column":74}},"skip":true},"9":{"name":"(anonymous_9)","line":143,"loc":{"start":{"line":143,"column":45},"end":{"line":143,"column":62}},"skip":true},"10":{"name":"(anonymous_10)","line":144,"loc":{"start":{"line":144,"column":73},"end":{"line":144,"column":92}},"skip":true},"11":{"name":"(anonymous_11)","line":272,"loc":{"start":{"line":272,"column":51},"end":{"line":272,"column":77}},"skip":true},"12":{"name":"(anonymous_12)","line":315,"loc":{"start":{"line":315,"column":32},"end":{"line":315,"column":61}},"skip":true}},"statementMap":{"1":{"start":{"line":26,"column":0},"end":{"line":326,"column":5}},"2":{"start":{"line":28,"column":4},"end":{"line":28,"column":14}},"3":{"start":{"line":33,"column":4},"end":{"line":60,"column":9}},"4":{"start":{"line":35,"column":8},"end":{"line":35,"column":19}},"5":{"start":{"line":37,"column":8},"end":{"line":49,"column":13}},"6":{"start":{"line":38,"column":12},"end":{"line":48,"column":13}},"7":{"start":{"line":39,"column":16},"end":{"line":42,"column":30}},"8":{"start":{"line":44,"column":16},"end":{"line":47,"column":27}},"9":{"start":{"line":51,"column":8},"end":{"line":53,"column":21}},"10":{"start":{"line":55,"column":8},"end":{"line":57,"column":45}},"11":{"start":{"line":59,"column":8},"end":{"line":59,"column":35}},"12":{"start":{"line":61,"column":4},"end":{"line":325,"column":5}},"13":{"start":{"line":69,"column":8},"end":{"line":121,"column":10},"skip":true},"14":{"start":{"line":70,"column":12},"end":{"line":88,"column":13},"skip":true},"15":{"start":{"line":76,"column":16},"end":{"line":87,"column":19},"skip":true},"16":{"start":{"line":79,"column":20},"end":{"line":86,"column":21},"skip":true},"17":{"start":{"line":82,"column":24},"end":{"line":82,"column":43},"skip":true},"18":{"start":{"line":83,"column":24},"end":{"line":83,"column":30},"skip":true},"19":{"start":{"line":85,"column":24},"end":{"line":85,"column":49},"skip":true},"20":{"start":{"line":89,"column":12},"end":{"line":107,"column":13},"skip":true},"21":{"start":{"line":92,"column":16},"end":{"line":102,"column":17},"skip":true},"22":{"start":{"line":93,"column":20},"end":{"line":93,"column":86},"skip":true},"23":{"start":{"line":94,"column":20},"end":{"line":95,"column":45},"skip":true},"24":{"start":{"line":96,"column":20},"end":{"line":96,"column":42},"skip":true},"25":{"start":{"line":97,"column":20},"end":{"line":97,"column":48},"skip":true},"26":{"start":{"line":100,"column":20},"end":{"line":100,"column":85},"skip":true},"27":{"start":{"line":101,"column":20},"end":{"line":101,"column":96},"skip":true},"28":{"start":{"line":103,"column":16},"end":{"line":103,"column":22},"skip":true},"29":{"start":{"line":106,"column":16},"end":{"line":106,"column":22},"skip":true},"30":{"start":{"line":108,"column":12},"end":{"line":120,"column":13},"skip":true},"31":{"start":{"line":114,"column":16},"end":{"line":119,"column":17},"skip":true},"32":{"start":{"line":116,"column":20},"end":{"line":116,"column":78},"skip":true},"33":{"start":{"line":118,"column":20},"end":{"line":118,"column":47},"skip":true},"34":{"start":{"line":123,"column":8},"end":{"line":141,"column":11},"skip":true},"35":{"start":{"line":124,"column":12},"end":{"line":124,"column":54},"skip":true},"36":{"start":{"line":125,"column":12},"end":{"line":140,"column":14},"skip":true},"37":{"start":{"line":126,"column":16},"end":{"line":126,"column":28},"skip":true},"38":{"start":{"line":127,"column":16},"end":{"line":127,"column":69},"skip":true},"39":{"start":{"line":128,"column":16},"end":{"line":128,"column":75},"skip":true},"40":{"start":{"line":129,"column":16},"end":{"line":131,"column":17},"skip":true},"41":{"start":{"line":130,"column":20},"end":{"line":130,"column":27},"skip":true},"42":{"start":{"line":133,"column":16},"end":{"line":137,"column":36},"skip":true},"43":{"start":{"line":134,"column":20},"end":{"line":136,"column":55},"skip":true},"44":{"start":{"line":139,"column":16},"end":{"line":139,"column":57},"skip":true},"45":{"start":{"line":143,"column":8},"end":{"line":147,"column":11},"skip":true},"46":{"start":{"line":144,"column":12},"end":{"line":146,"column":15},"skip":true},"47":{"start":{"line":145,"column":16},"end":{"line":145,"column":70},"skip":true},"48":{"start":{"line":149,"column":8},"end":{"line":149,"column":31},"skip":true},"49":{"start":{"line":150,"column":8},"end":{"line":150,"column":14},"skip":true},"50":{"start":{"line":158,"column":8},"end":{"line":158,"column":31},"skip":true},"51":{"start":{"line":160,"column":8},"end":{"line":160,"column":33},"skip":true},"52":{"start":{"line":161,"column":8},"end":{"line":161,"column":37},"skip":true},"53":{"start":{"line":162,"column":8},"end":{"line":162,"column":35},"skip":true},"54":{"start":{"line":164,"column":8},"end":{"line":164,"column":50},"skip":true},"55":{"start":{"line":166,"column":8},"end":{"line":256,"column":2},"skip":true},"56":{"start":{"line":258,"column":8},"end":{"line":286,"column":9},"skip":true},"57":{"start":{"line":259,"column":12},"end":{"line":269,"column":14},"skip":true},"58":{"start":{"line":271,"column":12},"end":{"line":285,"column":19},"skip":true},"59":{"start":{"line":274,"column":20},"end":{"line":274,"column":35},"skip":true},"60":{"start":{"line":275,"column":20},"end":{"line":284,"column":21},"skip":true},"61":{"start":{"line":277,"column":24},"end":{"line":277,"column":64},"skip":true},"62":{"start":{"line":279,"column":24},"end":{"line":279,"column":40},"skip":true},"63":{"start":{"line":281,"column":24},"end":{"line":281,"column":40},"skip":true},"64":{"start":{"line":283,"column":24},"end":{"line":283,"column":39},"skip":true},"65":{"start":{"line":288,"column":8},"end":{"line":290,"column":9},"skip":true},"66":{"start":{"line":289,"column":12},"end":{"line":289,"column":18},"skip":true},"67":{"start":{"line":291,"column":8},"end":{"line":293,"column":54},"skip":true},"68":{"start":{"line":296,"column":8},"end":{"line":301,"column":37},"skip":true},"69":{"start":{"line":303,"column":8},"end":{"line":303,"column":82},"skip":true},"70":{"start":{"line":306,"column":8},"end":{"line":308,"column":9},"skip":true},"71":{"start":{"line":307,"column":12},"end":{"line":307,"column":82},"skip":true},"72":{"start":{"line":310,"column":8},"end":{"line":312,"column":9},"skip":true},"73":{"start":{"line":311,"column":12},"end":{"line":311,"column":18},"skip":true},"74":{"start":{"line":313,"column":8},"end":{"line":313,"column":54},"skip":true},"75":{"start":{"line":314,"column":8},"end":{"line":314,"column":69},"skip":true},"76":{"start":{"line":315,"column":8},"end":{"line":323,"column":36},"skip":true},"77":{"start":{"line":316,"column":12},"end":{"line":316,"column":61},"skip":true},"78":{"start":{"line":317,"column":12},"end":{"line":320,"column":13},"skip":true},"79":{"start":{"line":318,"column":16},"end":{"line":318,"column":75},"skip":true},"80":{"start":{"line":319,"column":16},"end":{"line":319,"column":23},"skip":true},"81":{"start":{"line":321,"column":12},"end":{"line":321,"column":38},"skip":true},"82":{"start":{"line":322,"column":12},"end":{"line":322,"column":27},"skip":true},"83":{"start":{"line":324,"column":8},"end":{"line":324,"column":14},"skip":true}},"branchMap":{"1":{"line":39,"type":"binary-expr","locations":[{"start":{"line":39,"column":23},"end":{"line":39,"column":62}},{"start":{"line":40,"column":20},"end":{"line":40,"column":70}},{"start":{"line":41,"column":20},"end":{"line":41,"column":71}},{"start":{"line":42,"column":20},"end":{"line":42,"column":29}}]},"2":{"line":44,"type":"binary-expr","locations":[{"start":{"line":44,"column":23},"end":{"line":44,"column":37}},{"start":{"line":45,"column":20},"end":{"line":45,"column":61}},{"start":{"line":46,"column":20},"end":{"line":46,"column":70}},{"start":{"line":47,"column":20},"end":{"line":47,"column":26}}]},"3":{"line":51,"type":"cond-expr","locations":[{"start":{"line":52,"column":14},"end":{"line":52,"column":20}},{"start":{"line":53,"column":14},"end":{"line":53,"column":20}}]},"4":{"line":55,"type":"binary-expr","locations":[{"start":{"line":55,"column":16},"end":{"line":55,"column":44}},{"start":{"line":55,"column":49},"end":{"line":57,"column":43}}]},"5":{"line":55,"type":"cond-expr","locations":[{"start":{"line":56,"column":14},"end":{"line":56,"column":60}},{"start":{"line":57,"column":14},"end":{"line":57,"column":43}}]},"6":{"line":61,"type":"switch","locations":[{"start":{"line":68,"column":4},"end":{"line":150,"column":14},"skip":true},{"start":{"line":156,"column":4},"end":{"line":324,"column":14},"skip":true}]},"7":{"line":70,"type":"if","locations":[{"start":{"line":70,"column":12},"end":{"line":70,"column":12},"skip":true},{"start":{"line":70,"column":12},"end":{"line":70,"column":12},"skip":true}]},"8":{"line":70,"type":"binary-expr","locations":[{"start":{"line":70,"column":16},"end":{"line":70,"column":22},"skip":true},{"start":{"line":70,"column":27},"end":{"line":70,"column":32},"skip":true},{"start":{"line":71,"column":20},"end":{"line":71,"column":39},"skip":true},{"start":{"line":72,"column":20},"end":{"line":72,"column":49},"skip":true},{"start":{"line":73,"column":20},"end":{"line":73,"column":58},"skip":true},{"start":{"line":74,"column":20},"end":{"line":74,"column":69},"skip":true}]},"9":{"line":79,"type":"switch","locations":[{"start":{"line":80,"column":20},"end":{"line":80,"column":33},"skip":true},{"start":{"line":81,"column":20},"end":{"line":83,"column":30},"skip":true},{"start":{"line":84,"column":20},"end":{"line":85,"column":49},"skip":true}]},"10":{"line":89,"type":"switch","locations":[{"start":{"line":90,"column":12},"end":{"line":103,"column":22},"skip":true},{"start":{"line":105,"column":12},"end":{"line":106,"column":22},"skip":true}]},"11":{"line":89,"type":"binary-expr","locations":[{"start":{"line":89,"column":20},"end":{"line":89,"column":25},"skip":true},{"start":{"line":89,"column":29},"end":{"line":89,"column":48},"skip":true},{"start":{"line":89,"column":52},"end":{"line":89,"column":74},"skip":true}]},"12":{"line":92,"type":"if","locations":[{"start":{"line":92,"column":16},"end":{"line":92,"column":16},"skip":true},{"start":{"line":92,"column":16},"end":{"line":92,"column":16},"skip":true}]},"13":{"line":108,"type":"if","locations":[{"start":{"line":108,"column":12},"end":{"line":108,"column":12},"skip":true},{"start":{"line":108,"column":12},"end":{"line":108,"column":12},"skip":true}]},"14":{"line":108,"type":"binary-expr","locations":[{"start":{"line":108,"column":16},"end":{"line":108,"column":61},"skip":true},{"start":{"line":108,"column":66},"end":{"line":108,"column":72},"skip":true},{"start":{"line":108,"column":77},"end":{"line":108,"column":82},"skip":true},{"start":{"line":109,"column":20},"end":{"line":109,"column":39},"skip":true},{"start":{"line":110,"column":20},"end":{"line":110,"column":49},"skip":true},{"start":{"line":111,"column":20},"end":{"line":111,"column":58},"skip":true},{"start":{"line":112,"column":20},"end":{"line":112,"column":68},"skip":true}]},"15":{"line":129,"type":"if","locations":[{"start":{"line":129,"column":16},"end":{"line":129,"column":16},"skip":true},{"start":{"line":129,"column":16},"end":{"line":129,"column":16},"skip":true}]},"16":{"line":134,"type":"cond-expr","locations":[{"start":{"line":135,"column":26},"end":{"line":135,"column":29},"skip":true},{"start":{"line":136,"column":26},"end":{"line":136,"column":54},"skip":true}]},"17":{"line":164,"type":"binary-expr","locations":[{"start":{"line":164,"column":27},"end":{"line":164,"column":43},"skip":true},{"start":{"line":164,"column":47},"end":{"line":164,"column":49},"skip":true}]},"18":{"line":258,"type":"if","locations":[{"start":{"line":258,"column":8},"end":{"line":258,"column":8},"skip":true},{"start":{"line":258,"column":8},"end":{"line":258,"column":8},"skip":true}]},"19":{"line":275,"type":"switch","locations":[{"start":{"line":276,"column":20},"end":{"line":277,"column":64},"skip":true},{"start":{"line":278,"column":20},"end":{"line":279,"column":40},"skip":true},{"start":{"line":280,"column":20},"end":{"line":281,"column":40},"skip":true},{"start":{"line":282,"column":20},"end":{"line":283,"column":39},"skip":true}]},"20":{"line":288,"type":"if","locations":[{"start":{"line":288,"column":8},"end":{"line":288,"column":8},"skip":true},{"start":{"line":288,"column":8},"end":{"line":288,"column":8},"skip":true}]},"21":{"line":288,"type":"binary-expr","locations":[{"start":{"line":288,"column":12},"end":{"line":288,"column":40},"skip":true},{"start":{"line":288,"column":44},"end":{"line":288,"column":67},"skip":true}]},"22":{"line":292,"type":"binary-expr","locations":[{"start":{"line":292,"column":12},"end":{"line":292,"column":50},"skip":true},{"start":{"line":293,"column":12},"end":{"line":293,"column":53},"skip":true}]},"23":{"line":297,"type":"binary-expr","locations":[{"start":{"line":297,"column":12},"end":{"line":297,"column":74},"skip":true},{"start":{"line":298,"column":12},"end":{"line":301,"column":36},"skip":true}]},"24":{"line":303,"type":"binary-expr","locations":[{"start":{"line":303,"column":43},"end":{"line":303,"column":75},"skip":true},{"start":{"line":303,"column":79},"end":{"line":303,"column":81},"skip":true}]},"25":{"line":306,"type":"if","locations":[{"start":{"line":306,"column":8},"end":{"line":306,"column":8},"skip":true},{"start":{"line":306,"column":8},"end":{"line":306,"column":8},"skip":true}]},"26":{"line":310,"type":"if","locations":[{"start":{"line":310,"column":8},"end":{"line":310,"column":8},"skip":true},{"start":{"line":310,"column":8},"end":{"line":310,"column":8},"skip":true}]},"27":{"line":313,"type":"binary-expr","locations":[{"start":{"line":313,"column":27},"end":{"line":313,"column":43},"skip":true},{"start":{"line":313,"column":47},"end":{"line":313,"column":53},"skip":true}]},"28":{"line":317,"type":"if","locations":[{"start":{"line":317,"column":12},"end":{"line":317,"column":12},"skip":true},{"start":{"line":317,"column":12},"end":{"line":317,"column":12},"skip":true}]}},"code":["/*","example.js","","quickstart example","","instruction","    1. save this script as example.js","    2. run the shell command:","        $ npm install npmtest-react-router-dom && PORT=8081 node example.js","    3. play with the browser-demo on http://127.0.0.1:8081","*/","","","","/* istanbul instrument in package npmtest_react_router_dom */","/*jslint","    bitwise: true,","    browser: true,","    maxerr: 8,","    maxlen: 96,","    node: true,","    nomen: true,","    regexp: true,","    stupid: true","*/","(function () {","    'use strict';","    var local;","","","","    // run shared js-env code - pre-init","    (function () {","        // init local","        local = {};","        // init modeJs","        local.modeJs = (function () {","            try {","                return typeof navigator.userAgent === 'string' &&","                    typeof document.querySelector('body') === 'object' &&","                    typeof XMLHttpRequest.prototype.open === 'function' &&","                    'browser';","            } catch (errorCaughtBrowser) {","                return module.exports &&","                    typeof process.versions.node === 'string' &&","                    typeof require('http').createServer === 'function' &&","                    'node';","            }","        }());","        // init global","        local.global = local.modeJs === 'browser'","            ? window","            : global;","        // init utility2_rollup","        local = local.global.utility2_rollup || (local.modeJs === 'browser'","            ? local.global.utility2_npmtest_react_router_dom","            : global.utility2_moduleExports);","        // export local","        local.global.local = local;","    }());","    switch (local.modeJs) {","","","","    // post-init","    // run browser js-env code - post-init","    /* istanbul ignore next */","    case 'browser':","        local.testRunBrowser = function (event) {","            if (!event || (event &&","                    event.currentTarget &&","                    event.currentTarget.className &&","                    event.currentTarget.className.includes &&","                    event.currentTarget.className.includes('onreset'))) {","                // reset output","                Array.from(","                    document.querySelectorAll('body > .resettable')","                ).forEach(function (element) {","                    switch (element.tagName) {","                    case 'INPUT':","                    case 'TEXTAREA':","                        element.value = '';","                        break;","                    default:","                        element.textContent = '';","                    }","                });","            }","            switch (event && event.currentTarget && event.currentTarget.id) {","            case 'testRunButton1':","                // show tests","                if (document.querySelector('#testReportDiv1').style.display === 'none') {","                    document.querySelector('#testReportDiv1').style.display = 'block';","                    document.querySelector('#testRunButton1').textContent =","                        'hide internal test';","                    local.modeTest = true;","                    local.testRunDefault(local);","                // hide tests","                } else {","                    document.querySelector('#testReportDiv1').style.display = 'none';","                    document.querySelector('#testRunButton1').textContent = 'run internal test';","                }","                break;","            // custom-case","            default:","                break;","            }","            if (document.querySelector('#inputTextareaEval1') && (!event || (event &&","                    event.currentTarget &&","                    event.currentTarget.className &&","                    event.currentTarget.className.includes &&","                    event.currentTarget.className.includes('oneval')))) {","                // try to eval input-code","                try {","                    /*jslint evil: true*/","                    eval(document.querySelector('#inputTextareaEval1').value);","                } catch (errorCaught) {","                    console.error(errorCaught);","                }","            }","        };","        // log stderr and stdout to #outputTextareaStdout1","        ['error', 'log'].forEach(function (key) {","            console[key + '_original'] = console[key];","            console[key] = function () {","                var element;","                console[key + '_original'].apply(console, arguments);","                element = document.querySelector('#outputTextareaStdout1');","                if (!element) {","                    return;","                }","                // append text to #outputTextareaStdout1","                element.value += Array.from(arguments).map(function (arg) {","                    return typeof arg === 'string'","                        ? arg","                        : JSON.stringify(arg, null, 4);","                }).join(' ') + '\\n';","                // scroll textarea to bottom","                element.scrollTop = element.scrollHeight;","            };","        });","        // init event-handling","        ['change', 'click', 'keyup'].forEach(function (event) {","            Array.from(document.querySelectorAll('.on' + event)).forEach(function (element) {","                element.addEventListener(event, local.testRunBrowser);","            });","        });","        // run tests","        local.testRunBrowser();","        break;","","","","    // run node js-env code - post-init","    /* istanbul ignore next */","    case 'node':","        // export local","        module.exports = local;","        // require modules","        local.fs = require('fs');","        local.http = require('http');","        local.url = require('url');","        // init assets","        local.assetsDict = local.assetsDict || {};","        /* jslint-ignore-begin */","        local.assetsDict['/assets.index.template.html'] = '\\","<!doctype html>\\n\\","<html lang=\"en\">\\n\\","<head>\\n\\","<meta charset=\"UTF-8\">\\n\\","<meta name=\"viewport\" content=\"width=device-width, initial-scale=1\">\\n\\","<title>{{env.npm_package_name}} (v{{env.npm_package_version}})</title>\\n\\","<style>\\n\\","/*csslint\\n\\","    box-sizing: false,\\n\\","    universal-selector: false\\n\\","*/\\n\\","* {\\n\\","    box-sizing: border-box;\\n\\","}\\n\\","body {\\n\\","    background: #dde;\\n\\","    font-family: Arial, Helvetica, sans-serif;\\n\\","    margin: 2rem;\\n\\","}\\n\\","body > * {\\n\\","    margin-bottom: 1rem;\\n\\","}\\n\\",".utility2FooterDiv {\\n\\","    margin-top: 20px;\\n\\","    text-align: center;\\n\\","}\\n\\","</style>\\n\\","<style>\\n\\","/*csslint\\n\\","*/\\n\\","textarea {\\n\\","    font-family: monospace;\\n\\","    height: 10rem;\\n\\","    width: 100%;\\n\\","}\\n\\","textarea[readonly] {\\n\\","    background: #ddd;\\n\\","}\\n\\","</style>\\n\\","</head>\\n\\","<body>\\n\\","<!-- utility2-comment\\n\\","<div id=\"ajaxProgressDiv1\" style=\"background: #d00; height: 2px; left: 0; margin: 0; padding: 0; position: fixed; top: 0; transition: background 0.5s, width 1.5s; width: 25%;\"></div>\\n\\","utility2-comment -->\\n\\","<h1>\\n\\","<!-- utility2-comment\\n\\","    <a\\n\\","        {{#if env.npm_package_homepage}}\\n\\","        href=\"{{env.npm_package_homepage}}\"\\n\\","        {{/if env.npm_package_homepage}}\\n\\","        target=\"_blank\"\\n\\","    >\\n\\","utility2-comment -->\\n\\","        {{env.npm_package_name}} (v{{env.npm_package_version}})\\n\\","<!-- utility2-comment\\n\\","    </a>\\n\\","utility2-comment -->\\n\\","</h1>\\n\\","<h3>{{env.npm_package_description}}</h3>\\n\\","<!-- utility2-comment\\n\\","<h4><a download href=\"assets.app.js\">download standalone app</a></h4>\\n\\","<button class=\"onclick onreset\" id=\"testRunButton1\">run internal test</button><br>\\n\\","<div id=\"testReportDiv1\" style=\"display: none;\"></div>\\n\\","utility2-comment -->\\n\\","\\n\\","\\n\\","\\n\\","<label>stderr and stdout</label>\\n\\","<textarea class=\"resettable\" id=\"outputTextareaStdout1\" readonly></textarea>\\n\\","<!-- utility2-comment\\n\\","{{#if isRollup}}\\n\\","<script src=\"assets.app.js\"></script>\\n\\","{{#unless isRollup}}\\n\\","utility2-comment -->\\n\\","<script src=\"assets.utility2.rollup.js\"></script>\\n\\","<script src=\"jsonp.utility2._stateInit?callback=window.utility2._stateInit\"></script>\\n\\","<script src=\"assets.npmtest_react_router_dom.rollup.js\"></script>\\n\\","<script src=\"assets.example.js\"></script>\\n\\","<script src=\"assets.test.js\"></script>\\n\\","<!-- utility2-comment\\n\\","{{/if isRollup}}\\n\\","utility2-comment -->\\n\\","<div class=\"utility2FooterDiv\">\\n\\","    [ this app was created with\\n\\","    <a href=\"https://github.com/kaizhu256/node-utility2\" target=\"_blank\">utility2</a>\\n\\","    ]\\n\\","</div>\\n\\","</body>\\n\\","</html>\\n\\","';","        /* jslint-ignore-end */","        if (local.templateRender) {","            local.assetsDict['/'] = local.templateRender(","                local.assetsDict['/assets.index.template.html'],","                {","                    env: local.objectSetDefault(local.env, {","                        npm_package_description: 'the greatest app in the world!',","                        npm_package_name: 'my-app',","                        npm_package_nameAlias: 'my_app',","                        npm_package_version: '0.0.1'","                    })","                }","            );","        } else {","            local.assetsDict['/'] = local.assetsDict['/assets.index.template.html']","                .replace((/\\{\\{env\\.(\\w+?)\\}\\}/g), function (match0, match1) {","                    // jslint-hack","                    String(match0);","                    switch (match1) {","                    case 'npm_package_description':","                        return 'the greatest app in the world!';","                    case 'npm_package_name':","                        return 'my-app';","                    case 'npm_package_nameAlias':","                        return 'my_app';","                    case 'npm_package_version':","                        return '0.0.1';","                    }","                });","        }","        // run the cli","        if (local.global.utility2_rollup || module !== require.main) {","            break;","        }","        local.assetsDict['/assets.example.js'] =","            local.assetsDict['/assets.example.js'] ||","            local.fs.readFileSync(__filename, 'utf8');","        // bug-workaround - long $npm_package_buildCustomOrg","        /* jslint-ignore-begin */","        local.assetsDict['/assets.npmtest_react_router_dom.rollup.js'] =","            local.assetsDict['/assets.npmtest_react_router_dom.rollup.js'] ||","            local.fs.readFileSync(","                local.npmtest_react_router_dom.__dirname + '/lib.npmtest_react_router_dom.js',","                'utf8'","            ).replace((/^#!/), '//');","        /* jslint-ignore-end */","        local.assetsDict['/favicon.ico'] = local.assetsDict['/favicon.ico'] || '';","        // if $npm_config_timeout_exit exists,","        // then exit this process after $npm_config_timeout_exit ms","        if (Number(process.env.npm_config_timeout_exit)) {","            setTimeout(process.exit, Number(process.env.npm_config_timeout_exit));","        }","        // start server","        if (local.global.utility2_serverHttp1) {","            break;","        }","        process.env.PORT = process.env.PORT || '8081';","        console.error('server starting on port ' + process.env.PORT);","        local.http.createServer(function (request, response) {","            request.urlParsed = local.url.parse(request.url);","            if (local.assetsDict[request.urlParsed.pathname] !== undefined) {","                response.end(local.assetsDict[request.urlParsed.pathname]);","                return;","            }","            response.statusCode = 404;","            response.end();","        }).listen(process.env.PORT);","        break;","    }","}());",""],"l":{"26":2,"28":2,"33":2,"35":2,"37":2,"38":2,"39":2,"44":1,"51":2,"55":2,"59":2,"61":2,"69":1,"70":2,"76":2,"79":2,"82":2,"83":2,"85":1,"89":2,"92":1,"93":1,"94":1,"96":1,"97":1,"100":1,"101":1,"103":1,"106":1,"108":2,"114":1,"116":1,"118":1,"123":1,"124":2,"125":2,"126":3,"127":3,"128":3,"129":3,"130":1,"133":3,"134":3,"139":3,"143":1,"144":3,"145":1,"149":1,"150":1,"158":1,"160":1,"161":1,"162":1,"164":1,"166":1,"258":1,"259":1,"271":1,"274":6,"275":6,"277":1,"279":2,"281":1,"283":2,"288":1,"289":1,"291":1,"296":1,"303":1,"306":1,"307":1,"310":1,"311":1,"313":1,"314":1,"315":1,"316":1,"317":1,"318":1,"319":1,"321":1,"322":1,"324":1}},"/home/travis/build/npmtest/node-npmtest-react-router-dom/node_modules/react-router-dom/index.js":{"path":"/home/travis/build/npmtest/node-npmtest-react-router-dom/node_modules/react-router-dom/index.js","s":{"1":1,"2":1,"3":1,"4":1,"5":1,"6":1,"7":1,"8":1,"9":1,"10":1,"11":1,"12":1,"13":1,"14":1,"15":1,"16":1,"17":1,"18":1,"19":1,"20":1,"21":1,"22":1,"23":1,"24":1,"25":1,"26":1,"27":1,"28":1,"29":1,"30":13,"31":1,"32":1,"33":1,"34":1,"35":1,"36":1,"37":1,"38":1,"39":1,"40":1,"41":1,"42":1,"43":1},"b":{"1":[13,0],"2":[13,13]},"f":{"1":13},"fnMap":{"1":{"name":"_interopRequireDefault","line":58,"loc":{"start":{"line":58,"column":0},"end":{"line":58,"column":37}}}},"statementMap":{"1":{"start":{"line":3,"column":0},"end":{"line":3,"column":26}},"2":{"start":{"line":4,"column":0},"end":{"line":4,"column":261}},"3":{"start":{"line":6,"column":0},"end":{"line":6,"column":49}},"4":{"start":{"line":8,"column":0},"end":{"line":8,"column":62}},"5":{"start":{"line":10,"column":0},"end":{"line":10,"column":43}},"6":{"start":{"line":12,"column":0},"end":{"line":12,"column":56}},"7":{"start":{"line":14,"column":0},"end":{"line":14,"column":31}},"8":{"start":{"line":16,"column":0},"end":{"line":16,"column":44}},"9":{"start":{"line":18,"column":0},"end":{"line":18,"column":47}},"10":{"start":{"line":20,"column":0},"end":{"line":20,"column":60}},"11":{"start":{"line":22,"column":0},"end":{"line":22,"column":37}},"12":{"start":{"line":24,"column":0},"end":{"line":24,"column":50}},"13":{"start":{"line":26,"column":0},"end":{"line":26,"column":35}},"14":{"start":{"line":28,"column":0},"end":{"line":28,"column":48}},"15":{"start":{"line":30,"column":0},"end":{"line":30,"column":39}},"16":{"start":{"line":32,"column":0},"end":{"line":32,"column":52}},"17":{"start":{"line":34,"column":0},"end":{"line":34,"column":33}},"18":{"start":{"line":36,"column":0},"end":{"line":36,"column":46}},"19":{"start":{"line":38,"column":0},"end":{"line":38,"column":35}},"20":{"start":{"line":40,"column":0},"end":{"line":40,"column":48}},"21":{"start":{"line":42,"column":0},"end":{"line":42,"column":47}},"22":{"start":{"line":44,"column":0},"end":{"line":44,"column":60}},"23":{"start":{"line":46,"column":0},"end":{"line":46,"column":35}},"24":{"start":{"line":48,"column":0},"end":{"line":48,"column":48}},"25":{"start":{"line":50,"column":0},"end":{"line":50,"column":41}},"26":{"start":{"line":52,"column":0},"end":{"line":52,"column":54}},"27":{"start":{"line":54,"column":0},"end":{"line":54,"column":43}},"28":{"start":{"line":56,"column":0},"end":{"line":56,"column":56}},"29":{"start":{"line":58,"column":0},"end":{"line":58,"column":95}},"30":{"start":{"line":58,"column":39},"end":{"line":58,"column":93}},"31":{"start":{"line":60,"column":0},"end":{"line":60,"column":48}},"32":{"start":{"line":61,"column":0},"end":{"line":61,"column":42}},"33":{"start":{"line":62,"column":0},"end":{"line":62,"column":30}},"34":{"start":{"line":63,"column":0},"end":{"line":63,"column":46}},"35":{"start":{"line":64,"column":0},"end":{"line":64,"column":36}},"36":{"start":{"line":65,"column":0},"end":{"line":65,"column":34}},"37":{"start":{"line":66,"column":0},"end":{"line":66,"column":38}},"38":{"start":{"line":67,"column":0},"end":{"line":67,"column":32}},"39":{"start":{"line":68,"column":0},"end":{"line":68,"column":34}},"40":{"start":{"line":69,"column":0},"end":{"line":69,"column":46}},"41":{"start":{"line":70,"column":0},"end":{"line":70,"column":34}},"42":{"start":{"line":71,"column":0},"end":{"line":71,"column":40}},"43":{"start":{"line":72,"column":0},"end":{"line":72,"column":42}}},"branchMap":{"1":{"line":58,"type":"cond-expr","locations":[{"start":{"line":58,"column":70},"end":{"line":58,"column":73}},{"start":{"line":58,"column":76},"end":{"line":58,"column":92}}]},"2":{"line":58,"type":"binary-expr","locations":[{"start":{"line":58,"column":46},"end":{"line":58,"column":49}},{"start":{"line":58,"column":53},"end":{"line":58,"column":67}}]}},"code":["'use strict';","","exports.__esModule = true;","exports.withRouter = exports.matchPath = exports.Switch = exports.StaticRouter = exports.Router = exports.Route = exports.Redirect = exports.Prompt = exports.NavLink = exports.MemoryRouter = exports.Link = exports.HashRouter = exports.BrowserRouter = undefined;","","var _BrowserRouter2 = require('./BrowserRouter');","","var _BrowserRouter3 = _interopRequireDefault(_BrowserRouter2);","","var _HashRouter2 = require('./HashRouter');","","var _HashRouter3 = _interopRequireDefault(_HashRouter2);","","var _Link2 = require('./Link');","","var _Link3 = _interopRequireDefault(_Link2);","","var _MemoryRouter2 = require('./MemoryRouter');","","var _MemoryRouter3 = _interopRequireDefault(_MemoryRouter2);","","var _NavLink2 = require('./NavLink');","","var _NavLink3 = _interopRequireDefault(_NavLink2);","","var _Prompt2 = require('./Prompt');","","var _Prompt3 = _interopRequireDefault(_Prompt2);","","var _Redirect2 = require('./Redirect');","","var _Redirect3 = _interopRequireDefault(_Redirect2);","","var _Route2 = require('./Route');","","var _Route3 = _interopRequireDefault(_Route2);","","var _Router2 = require('./Router');","","var _Router3 = _interopRequireDefault(_Router2);","","var _StaticRouter2 = require('./StaticRouter');","","var _StaticRouter3 = _interopRequireDefault(_StaticRouter2);","","var _Switch2 = require('./Switch');","","var _Switch3 = _interopRequireDefault(_Switch2);","","var _matchPath2 = require('./matchPath');","","var _matchPath3 = _interopRequireDefault(_matchPath2);","","var _withRouter2 = require('./withRouter');","","var _withRouter3 = _interopRequireDefault(_withRouter2);","","function _interopRequireDefault(obj) { return obj && obj.__esModule ? obj : { default: obj }; }","","exports.BrowserRouter = _BrowserRouter3.default;","exports.HashRouter = _HashRouter3.default;","exports.Link = _Link3.default;","exports.MemoryRouter = _MemoryRouter3.default;","exports.NavLink = _NavLink3.default;","exports.Prompt = _Prompt3.default;","exports.Redirect = _Redirect3.default;","exports.Route = _Route3.default;","exports.Router = _Router3.default;","exports.StaticRouter = _StaticRouter3.default;","exports.Switch = _Switch3.default;","exports.matchPath = _matchPath3.default;","exports.withRouter = _withRouter3.default;"],"l":{"3":1,"4":1,"6":1,"8":1,"10":1,"12":1,"14":1,"16":1,"18":1,"20":1,"22":1,"24":1,"26":1,"28":1,"30":1,"32":1,"34":1,"36":1,"38":1,"40":1,"42":1,"44":1,"46":1,"48":1,"50":1,"52":1,"54":1,"56":1,"58":13,"60":1,"61":1,"62":1,"63":1,"64":1,"65":1,"66":1,"67":1,"68":1,"69":1,"70":1,"71":1,"72":1}},"/home/travis/build/npmtest/node-npmtest-react-router-dom/node_modules/react-router-dom/BrowserRouter.js":{"path":"/home/travis/build/npmtest/node-npmtest-react-router-dom/node_modules/react-router-dom/BrowserRouter.js","s":{"1":1,"2":1,"3":1,"4":1,"5":1,"6":1,"7":1,"8":1,"9":1,"10":3,"11":1,"12":0,"13":0,"14":1,"15":0,"16":0,"17":0,"18":1,"19":1,"20":0,"21":1,"22":1,"23":1,"24":1,"25":1,"26":1,"27":0,"28":0,"29":0,"30":0,"31":0,"32":1,"33":0,"34":1,"35":1,"36":1},"b":{"1":[1,2],"2":[3,3],"3":[0,0],"4":[0,0],"5":[0,0],"6":[0,0,0],"7":[0,1],"8":[1,0],"9":[1,1],"10":[1,0],"11":[1,0]},"f":{"1":3,"2":0,"3":0,"4":1,"5":1,"6":0,"7":0},"fnMap":{"1":{"name":"_interopRequireDefault","line":19,"loc":{"start":{"line":19,"column":0},"end":{"line":19,"column":37}}},"2":{"name":"_classCallCheck","line":21,"loc":{"start":{"line":21,"column":0},"end":{"line":21,"column":48}}},"3":{"name":"_possibleConstructorReturn","line":23,"loc":{"start":{"line":23,"column":0},"end":{"line":23,"column":48}}},"4":{"name":"_inherits","line":25,"loc":{"start":{"line":25,"column":0},"end":{"line":25,"column":41}}},"5":{"name":"(anonymous_5)","line":30,"loc":{"start":{"line":30,"column":20},"end":{"line":30,"column":48}}},"6":{"name":"BrowserRouter","line":33,"loc":{"start":{"line":33,"column":2},"end":{"line":33,"column":27}}},"7":{"name":"render","line":45,"loc":{"start":{"line":45,"column":35},"end":{"line":45,"column":53}}}},"statementMap":{"1":{"start":{"line":3,"column":0},"end":{"line":3,"column":26}},"2":{"start":{"line":5,"column":0},"end":{"line":5,"column":30}},"3":{"start":{"line":7,"column":0},"end":{"line":7,"column":45}},"4":{"start":{"line":9,"column":0},"end":{"line":9,"column":39}},"5":{"start":{"line":11,"column":0},"end":{"line":11,"column":53}},"6":{"start":{"line":13,"column":0},"end":{"line":13,"column":68}},"7":{"start":{"line":15,"column":0},"end":{"line":15,"column":75}},"8":{"start":{"line":17,"column":0},"end":{"line":17,"column":43}},"9":{"start":{"line":19,"column":0},"end":{"line":19,"column":95}},"10":{"start":{"line":19,"column":39},"end":{"line":19,"column":93}},"11":{"start":{"line":21,"column":0},"end":{"line":21,"column":153}},"12":{"start":{"line":21,"column":50},"end":{"line":21,"column":151}},"13":{"start":{"line":21,"column":92},"end":{"line":21,"column":149}},"14":{"start":{"line":23,"column":0},"end":{"line":23,"column":240}},"15":{"start":{"line":23,"column":50},"end":{"line":23,"column":151}},"16":{"start":{"line":23,"column":63},"end":{"line":23,"column":149}},"17":{"start":{"line":23,"column":152},"end":{"line":23,"column":238}},"18":{"start":{"line":25,"column":0},"end":{"line":25,"column":494}},"19":{"start":{"line":25,"column":43},"end":{"line":25,"column":208}},"20":{"start":{"line":25,"column":106},"end":{"line":25,"column":206}},"21":{"start":{"line":25,"column":209},"end":{"line":25,"column":373}},"22":{"start":{"line":25,"column":374},"end":{"line":25,"column":492}},"23":{"start":{"line":25,"column":390},"end":{"line":25,"column":492}},"24":{"start":{"line":30,"column":0},"end":{"line":50,"column":29}},"25":{"start":{"line":31,"column":2},"end":{"line":31,"column":45}},"26":{"start":{"line":33,"column":2},"end":{"line":43,"column":3}},"27":{"start":{"line":34,"column":4},"end":{"line":34,"column":27}},"28":{"start":{"line":36,"column":4},"end":{"line":36,"column":41}},"29":{"start":{"line":38,"column":4},"end":{"line":40,"column":5}},"30":{"start":{"line":39,"column":6},"end":{"line":39,"column":35}},"31":{"start":{"line":42,"column":4},"end":{"line":42,"column":260}},"32":{"start":{"line":45,"column":2},"end":{"line":47,"column":4}},"33":{"start":{"line":46,"column":4},"end":{"line":46,"column":120}},"34":{"start":{"line":49,"column":2},"end":{"line":49,"column":23}},"35":{"start":{"line":52,"column":0},"end":{"line":58,"column":2}},"36":{"start":{"line":59,"column":0},"end":{"line":59,"column":32}}},"branchMap":{"1":{"line":19,"type":"cond-expr","locations":[{"start":{"line":19,"column":70},"end":{"line":19,"column":73}},{"start":{"line":19,"column":76},"end":{"line":19,"column":92}}]},"2":{"line":19,"type":"binary-expr","locations":[{"start":{"line":19,"column":46},"end":{"line":19,"column":49}},{"start":{"line":19,"column":53},"end":{"line":19,"column":67}}]},"3":{"line":21,"type":"if","locations":[{"start":{"line":21,"column":50},"end":{"line":21,"column":50}},{"start":{"line":21,"column":50},"end":{"line":21,"column":50}}]},"4":{"line":23,"type":"if","locations":[{"start":{"line":23,"column":50},"end":{"line":23,"column":50}},{"start":{"line":23,"column":50},"end":{"line":23,"column":50}}]},"5":{"line":23,"type":"cond-expr","locations":[{"start":{"line":23,"column":226},"end":{"line":23,"column":230}},{"start":{"line":23,"column":233},"end":{"line":23,"column":237}}]},"6":{"line":23,"type":"binary-expr","locations":[{"start":{"line":23,"column":159},"end":{"line":23,"column":163}},{"start":{"line":23,"column":168},"end":{"line":23,"column":192}},{"start":{"line":23,"column":196},"end":{"line":23,"column":222}}]},"7":{"line":25,"type":"if","locations":[{"start":{"line":25,"column":43},"end":{"line":25,"column":43}},{"start":{"line":25,"column":43},"end":{"line":25,"column":43}}]},"8":{"line":25,"type":"binary-expr","locations":[{"start":{"line":25,"column":47},"end":{"line":25,"column":79}},{"start":{"line":25,"column":83},"end":{"line":25,"column":102}}]},"9":{"line":25,"type":"binary-expr","locations":[{"start":{"line":25,"column":244},"end":{"line":25,"column":254}},{"start":{"line":25,"column":258},"end":{"line":25,"column":278}}]},"10":{"line":25,"type":"if","locations":[{"start":{"line":25,"column":374},"end":{"line":25,"column":374}},{"start":{"line":25,"column":374},"end":{"line":25,"column":374}}]},"11":{"line":25,"type":"cond-expr","locations":[{"start":{"line":25,"column":414},"end":{"line":25,"column":457}},{"start":{"line":25,"column":460},"end":{"line":25,"column":491}}]}},"code":["'use strict';","","exports.__esModule = true;","","var _react = require('react');","","var _react2 = _interopRequireDefault(_react);","","var _propTypes = require('prop-types');","","var _propTypes2 = _interopRequireDefault(_propTypes);","","var _createBrowserHistory = require('history/createBrowserHistory');","","var _createBrowserHistory2 = _interopRequireDefault(_createBrowserHistory);","","var _reactRouter = require('react-router');","","function _interopRequireDefault(obj) { return obj && obj.__esModule ? obj : { default: obj }; }","","function _classCallCheck(instance, Constructor) { if (!(instance instanceof Constructor)) { throw new TypeError(\"Cannot call a class as a function\"); } }","","function _possibleConstructorReturn(self, call) { if (!self) { throw new ReferenceError(\"this hasn't been initialised - super() hasn't been called\"); } return call && (typeof call === \"object\" || typeof call === \"function\") ? call : self; }","","function _inherits(subClass, superClass) { if (typeof superClass !== \"function\" && superClass !== null) { throw new TypeError(\"Super expression must either be null or a function, not \" + typeof superClass); } subClass.prototype = Object.create(superClass && superClass.prototype, { constructor: { value: subClass, enumerable: false, writable: true, configurable: true } }); if (superClass) Object.setPrototypeOf ? Object.setPrototypeOf(subClass, superClass) : subClass.__proto__ = superClass; }","","/**"," * The public API for a <Router> that uses HTML5 history."," */","var BrowserRouter = function (_React$Component) {","  _inherits(BrowserRouter, _React$Component);","","  function BrowserRouter() {","    var _temp, _this, _ret;","","    _classCallCheck(this, BrowserRouter);","","    for (var _len = arguments.length, args = Array(_len), _key = 0; _key < _len; _key++) {","      args[_key] = arguments[_key];","    }","","    return _ret = (_temp = (_this = _possibleConstructorReturn(this, _React$Component.call.apply(_React$Component, [this].concat(args))), _this), _this.history = (0, _createBrowserHistory2.default)(_this.props), _temp), _possibleConstructorReturn(_this, _ret);","  }","","  BrowserRouter.prototype.render = function render() {","    return _react2.default.createElement(_reactRouter.Router, { history: this.history, children: this.props.children });","  };","","  return BrowserRouter;","}(_react2.default.Component);","","BrowserRouter.propTypes = {","  basename: _propTypes2.default.string,","  forceRefresh: _propTypes2.default.bool,","  getUserConfirmation: _propTypes2.default.func,","  keyLength: _propTypes2.default.number,","  children: _propTypes2.default.node","};","exports.default = BrowserRouter;"],"l":{"3":1,"5":1,"7":1,"9":1,"11":1,"13":1,"15":1,"17":1,"19":3,"21":1,"23":1,"25":1,"30":1,"31":1,"33":1,"34":0,"36":0,"38":0,"39":0,"42":0,"45":1,"46":0,"49":1,"52":1,"59":1}},"/home/travis/build/npmtest/node-npmtest-react-router-dom/node_modules/react-router-dom/HashRouter.js":{"path":"/home/travis/build/npmtest/node-npmtest-react-router-dom/node_modules/react-router-dom/HashRouter.js","s":{"1":1,"2":1,"3":1,"4":1,"5":1,"6":1,"7":1,"8":1,"9":1,"10":3,"11":1,"12":0,"13":0,"14":1,"15":0,"16":0,"17":0,"18":1,"19":1,"20":0,"21":1,"22":1,"23":1,"24":1,"25":1,"26":1,"27":0,"28":0,"29":0,"30":0,"31":0,"32":1,"33":0,"34":1,"35":1,"36":1},"b":{"1":[1,2],"2":[3,3],"3":[0,0],"4":[0,0],"5":[0,0],"6":[0,0,0],"7":[0,1],"8":[1,0],"9":[1,1],"10":[1,0],"11":[1,0]},"f":{"1":3,"2":0,"3":0,"4":1,"5":1,"6":0,"7":0},"fnMap":{"1":{"name":"_interopRequireDefault","line":19,"loc":{"start":{"line":19,"column":0},"end":{"line":19,"column":37}}},"2":{"name":"_classCallCheck","line":21,"loc":{"start":{"line":21,"column":0},"end":{"line":21,"column":48}}},"3":{"name":"_possibleConstructorReturn","line":23,"loc":{"start":{"line":23,"column":0},"end":{"line":23,"column":48}}},"4":{"name":"_inherits","line":25,"loc":{"start":{"line":25,"column":0},"end":{"line":25,"column":41}}},"5":{"name":"(anonymous_5)","line":30,"loc":{"start":{"line":30,"column":17},"end":{"line":30,"column":45}}},"6":{"name":"HashRouter","line":33,"loc":{"start":{"line":33,"column":2},"end":{"line":33,"column":24}}},"7":{"name":"render","line":45,"loc":{"start":{"line":45,"column":32},"end":{"line":45,"column":50}}}},"statementMap":{"1":{"start":{"line":3,"column":0},"end":{"line":3,"column":26}},"2":{"start":{"line":5,"column":0},"end":{"line":5,"column":30}},"3":{"start":{"line":7,"column":0},"end":{"line":7,"column":45}},"4":{"start":{"line":9,"column":0},"end":{"line":9,"column":39}},"5":{"start":{"line":11,"column":0},"end":{"line":11,"column":53}},"6":{"start":{"line":13,"column":0},"end":{"line":13,"column":62}},"7":{"start":{"line":15,"column":0},"end":{"line":15,"column":69}},"8":{"start":{"line":17,"column":0},"end":{"line":17,"column":43}},"9":{"start":{"line":19,"column":0},"end":{"line":19,"column":95}},"10":{"start":{"line":19,"column":39},"end":{"line":19,"column":93}},"11":{"start":{"line":21,"column":0},"end":{"line":21,"column":153}},"12":{"start":{"line":21,"column":50},"end":{"line":21,"column":151}},"13":{"start":{"line":21,"column":92},"end":{"line":21,"column":149}},"14":{"start":{"line":23,"column":0},"end":{"line":23,"column":240}},"15":{"start":{"line":23,"column":50},"end":{"line":23,"column":151}},"16":{"start":{"line":23,"column":63},"end":{"line":23,"column":149}},"17":{"start":{"line":23,"column":152},"end":{"line":23,"column":238}},"18":{"start":{"line":25,"column":0},"end":{"line":25,"column":494}},"19":{"start":{"line":25,"column":43},"end":{"line":25,"column":208}},"20":{"start":{"line":25,"column":106},"end":{"line":25,"column":206}},"21":{"start":{"line":25,"column":209},"end":{"line":25,"column":373}},"22":{"start":{"line":25,"column":374},"end":{"line":25,"column":492}},"23":{"start":{"line":25,"column":390},"end":{"line":25,"column":492}},"24":{"start":{"line":30,"column":0},"end":{"line":50,"column":29}},"25":{"start":{"line":31,"column":2},"end":{"line":31,"column":42}},"26":{"start":{"line":33,"column":2},"end":{"line":43,"column":3}},"27":{"start":{"line":34,"column":4},"end":{"line":34,"column":27}},"28":{"start":{"line":36,"column":4},"end":{"line":36,"column":38}},"29":{"start":{"line":38,"column":4},"end":{"line":40,"column":5}},"30":{"start":{"line":39,"column":6},"end":{"line":39,"column":35}},"31":{"start":{"line":42,"column":4},"end":{"line":42,"column":257}},"32":{"start":{"line":45,"column":2},"end":{"line":47,"column":4}},"33":{"start":{"line":46,"column":4},"end":{"line":46,"column":120}},"34":{"start":{"line":49,"column":2},"end":{"line":49,"column":20}},"35":{"start":{"line":52,"column":0},"end":{"line":57,"column":2}},"36":{"start":{"line":58,"column":0},"end":{"line":58,"column":29}}},"branchMap":{"1":{"line":19,"type":"cond-expr","locations":[{"start":{"line":19,"column":70},"end":{"line":19,"column":73}},{"start":{"line":19,"column":76},"end":{"line":19,"column":92}}]},"2":{"line":19,"type":"binary-expr","locations":[{"start":{"line":19,"column":46},"end":{"line":19,"column":49}},{"start":{"line":19,"column":53},"end":{"line":19,"column":67}}]},"3":{"line":21,"type":"if","locations":[{"start":{"line":21,"column":50},"end":{"line":21,"column":50}},{"start":{"line":21,"column":50},"end":{"line":21,"column":50}}]},"4":{"line":23,"type":"if","locations":[{"start":{"line":23,"column":50},"end":{"line":23,"column":50}},{"start":{"line":23,"column":50},"end":{"line":23,"column":50}}]},"5":{"line":23,"type":"cond-expr","locations":[{"start":{"line":23,"column":226},"end":{"line":23,"column":230}},{"start":{"line":23,"column":233},"end":{"line":23,"column":237}}]},"6":{"line":23,"type":"binary-expr","locations":[{"start":{"line":23,"column":159},"end":{"line":23,"column":163}},{"start":{"line":23,"column":168},"end":{"line":23,"column":192}},{"start":{"line":23,"column":196},"end":{"line":23,"column":222}}]},"7":{"line":25,"type":"if","locations":[{"start":{"line":25,"column":43},"end":{"line":25,"column":43}},{"start":{"line":25,"column":43},"end":{"line":25,"column":43}}]},"8":{"line":25,"type":"binary-expr","locations":[{"start":{"line":25,"column":47},"end":{"line":25,"column":79}},{"start":{"line":25,"column":83},"end":{"line":25,"column":102}}]},"9":{"line":25,"type":"binary-expr","locations":[{"start":{"line":25,"column":244},"end":{"line":25,"column":254}},{"start":{"line":25,"column":258},"end":{"line":25,"column":278}}]},"10":{"line":25,"type":"if","locations":[{"start":{"line":25,"column":374},"end":{"line":25,"column":374}},{"start":{"line":25,"column":374},"end":{"line":25,"column":374}}]},"11":{"line":25,"type":"cond-expr","locations":[{"start":{"line":25,"column":414},"end":{"line":25,"column":457}},{"start":{"line":25,"column":460},"end":{"line":25,"column":491}}]}},"code":["'use strict';","","exports.__esModule = true;","","var _react = require('react');","","var _react2 = _interopRequireDefault(_react);","","var _propTypes = require('prop-types');","","var _propTypes2 = _interopRequireDefault(_propTypes);","","var _createHashHistory = require('history/createHashHistory');","","var _createHashHistory2 = _interopRequireDefault(_createHashHistory);","","var _reactRouter = require('react-router');","","function _interopRequireDefault(obj) { return obj && obj.__esModule ? obj : { default: obj }; }","","function _classCallCheck(instance, Constructor) { if (!(instance instanceof Constructor)) { throw new TypeError(\"Cannot call a class as a function\"); } }","","function _possibleConstructorReturn(self, call) { if (!self) { throw new ReferenceError(\"this hasn't been initialised - super() hasn't been called\"); } return call && (typeof call === \"object\" || typeof call === \"function\") ? call : self; }","","function _inherits(subClass, superClass) { if (typeof superClass !== \"function\" && superClass !== null) { throw new TypeError(\"Super expression must either be null or a function, not \" + typeof superClass); } subClass.prototype = Object.create(superClass && superClass.prototype, { constructor: { value: subClass, enumerable: false, writable: true, configurable: true } }); if (superClass) Object.setPrototypeOf ? Object.setPrototypeOf(subClass, superClass) : subClass.__proto__ = superClass; }","","/**"," * The public API for a <Router> that uses window.location.hash."," */","var HashRouter = function (_React$Component) {","  _inherits(HashRouter, _React$Component);","","  function HashRouter() {","    var _temp, _this, _ret;","","    _classCallCheck(this, HashRouter);","","    for (var _len = arguments.length, args = Array(_len), _key = 0; _key < _len; _key++) {","      args[_key] = arguments[_key];","    }","","    return _ret = (_temp = (_this = _possibleConstructorReturn(this, _React$Component.call.apply(_React$Component, [this].concat(args))), _this), _this.history = (0, _createHashHistory2.default)(_this.props), _temp), _possibleConstructorReturn(_this, _ret);","  }","","  HashRouter.prototype.render = function render() {","    return _react2.default.createElement(_reactRouter.Router, { history: this.history, children: this.props.children });","  };","","  return HashRouter;","}(_react2.default.Component);","","HashRouter.propTypes = {","  basename: _propTypes2.default.string,","  getUserConfirmation: _propTypes2.default.func,","  hashType: _propTypes2.default.oneOf(['hashbang', 'noslash', 'slash']),","  children: _propTypes2.default.node","};","exports.default = HashRouter;"],"l":{"3":1,"5":1,"7":1,"9":1,"11":1,"13":1,"15":1,"17":1,"19":3,"21":1,"23":1,"25":1,"30":1,"31":1,"33":1,"34":0,"36":0,"38":0,"39":0,"42":0,"45":1,"46":0,"49":1,"52":1,"58":1}},"/home/travis/build/npmtest/node-npmtest-react-router-dom/node_modules/react-router-dom/Link.js":{"path":"/home/travis/build/npmtest/node-npmtest-react-router-dom/node_modules/react-router-dom/Link.js","s":{"1":1,"2":1,"3":0,"4":0,"5":0,"6":0,"7":0,"8":0,"9":1,"10":1,"11":1,"12":1,"13":1,"14":2,"15":1,"16":0,"17":0,"18":0,"19":0,"20":0,"21":0,"22":0,"23":0,"24":1,"25":0,"26":0,"27":1,"28":0,"29":0,"30":0,"31":1,"32":1,"33":0,"34":1,"35":1,"36":1,"37":1,"38":0,"39":1,"40":1,"41":1,"42":0,"43":0,"44":0,"45":0,"46":0,"47":0,"48":0,"49":0,"50":0,"51":0,"52":0,"53":0,"54":0,"55":0,"56":1,"57":0,"58":0,"59":0,"60":1,"61":1,"62":1,"63":1,"64":1},"b":{"1":[1,0],"2":[0,0],"3":[0,2],"4":[2,2],"5":[0,0],"6":[0,0],"7":[0,0],"8":[0,0],"9":[0,0],"10":[0,0,0],"11":[0,1],"12":[1,0],"13":[1,1],"14":[1,0],"15":[1,0],"16":[0,0,0,0],"17":[0,0],"18":[0,0],"19":[0,0,0,0],"20":[0,0],"21":[0,0]},"f":{"1":0,"2":2,"3":0,"4":0,"5":0,"6":1,"7":0,"8":1,"9":0,"10":0,"11":0},"fnMap":{"1":{"name":"(anonymous_1)","line":5,"loc":{"start":{"line":5,"column":32},"end":{"line":5,"column":50}}},"2":{"name":"_interopRequireDefault","line":15,"loc":{"start":{"line":15,"column":0},"end":{"line":15,"column":37}}},"3":{"name":"_objectWithoutProperties","line":17,"loc":{"start":{"line":17,"column":0},"end":{"line":17,"column":45}}},"4":{"name":"_classCallCheck","line":19,"loc":{"start":{"line":19,"column":0},"end":{"line":19,"column":48}}},"5":{"name":"_possibleConstructorReturn","line":21,"loc":{"start":{"line":21,"column":0},"end":{"line":21,"column":48}}},"6":{"name":"_inherits","line":23,"loc":{"start":{"line":23,"column":0},"end":{"line":23,"column":41}}},"7":{"name":"isModifiedEvent","line":25,"loc":{"start":{"line":25,"column":22},"end":{"line":25,"column":54}}},"8":{"name":"(anonymous_8)","line":33,"loc":{"start":{"line":33,"column":11},"end":{"line":33,"column":39}}},"9":{"name":"Link","line":36,"loc":{"start":{"line":36,"column":2},"end":{"line":36,"column":18}}},"10":{"name":"(anonymous_10)","line":45,"loc":{"start":{"line":45,"column":166},"end":{"line":45,"column":183}}},"11":{"name":"render","line":70,"loc":{"start":{"line":70,"column":26},"end":{"line":70,"column":44}}}},"statementMap":{"1":{"start":{"line":3,"column":0},"end":{"line":3,"column":26}},"2":{"start":{"line":5,"column":0},"end":{"line":5,"column":257}},"3":{"start":{"line":5,"column":52},"end":{"line":5,"column":239}},"4":{"start":{"line":5,"column":97},"end":{"line":5,"column":123}},"5":{"start":{"line":5,"column":124},"end":{"line":5,"column":237}},"6":{"start":{"line":5,"column":150},"end":{"line":5,"column":235}},"7":{"start":{"line":5,"column":207},"end":{"line":5,"column":233}},"8":{"start":{"line":5,"column":240},"end":{"line":5,"column":254}},"9":{"start":{"line":7,"column":0},"end":{"line":7,"column":30}},"10":{"start":{"line":9,"column":0},"end":{"line":9,"column":45}},"11":{"start":{"line":11,"column":0},"end":{"line":11,"column":39}},"12":{"start":{"line":13,"column":0},"end":{"line":13,"column":53}},"13":{"start":{"line":15,"column":0},"end":{"line":15,"column":95}},"14":{"start":{"line":15,"column":39},"end":{"line":15,"column":93}},"15":{"start":{"line":17,"column":0},"end":{"line":17,"column":220}},"16":{"start":{"line":17,"column":47},"end":{"line":17,"column":63}},"17":{"start":{"line":17,"column":64},"end":{"line":17,"column":203}},"18":{"start":{"line":17,"column":85},"end":{"line":17,"column":120}},"19":{"start":{"line":17,"column":111},"end":{"line":17,"column":120}},"20":{"start":{"line":17,"column":121},"end":{"line":17,"column":181}},"21":{"start":{"line":17,"column":172},"end":{"line":17,"column":181}},"22":{"start":{"line":17,"column":182},"end":{"line":17,"column":201}},"23":{"start":{"line":17,"column":204},"end":{"line":17,"column":218}},"24":{"start":{"line":19,"column":0},"end":{"line":19,"column":153}},"25":{"start":{"line":19,"column":50},"end":{"line":19,"column":151}},"26":{"start":{"line":19,"column":92},"end":{"line":19,"column":149}},"27":{"start":{"line":21,"column":0},"end":{"line":21,"column":240}},"28":{"start":{"line":21,"column":50},"end":{"line":21,"column":151}},"29":{"start":{"line":21,"column":63},"end":{"line":21,"column":149}},"30":{"start":{"line":21,"column":152},"end":{"line":21,"column":238}},"31":{"start":{"line":23,"column":0},"end":{"line":23,"column":494}},"32":{"start":{"line":23,"column":43},"end":{"line":23,"column":208}},"33":{"start":{"line":23,"column":106},"end":{"line":23,"column":206}},"34":{"start":{"line":23,"column":209},"end":{"line":23,"column":373}},"35":{"start":{"line":23,"column":374},"end":{"line":23,"column":492}},"36":{"start":{"line":23,"column":390},"end":{"line":23,"column":492}},"37":{"start":{"line":25,"column":0},"end":{"line":27,"column":2}},"38":{"start":{"line":26,"column":2},"end":{"line":26,"column":78}},"39":{"start":{"line":33,"column":0},"end":{"line":82,"column":29}},"40":{"start":{"line":34,"column":2},"end":{"line":34,"column":36}},"41":{"start":{"line":36,"column":2},"end":{"line":68,"column":3}},"42":{"start":{"line":37,"column":4},"end":{"line":37,"column":27}},"43":{"start":{"line":39,"column":4},"end":{"line":39,"column":32}},"44":{"start":{"line":41,"column":4},"end":{"line":43,"column":5}},"45":{"start":{"line":42,"column":6},"end":{"line":42,"column":35}},"46":{"start":{"line":45,"column":4},"end":{"line":67,"column":55}},"47":{"start":{"line":46,"column":6},"end":{"line":46,"column":58}},"48":{"start":{"line":46,"column":31},"end":{"line":46,"column":58}},"49":{"start":{"line":48,"column":6},"end":{"line":66,"column":9}},"50":{"start":{"line":53,"column":10},"end":{"line":53,"column":33}},"51":{"start":{"li
[...]
ypes = __webpack_require__(3);","","\tvar _propTypes2 = _interopRequireDefault(_propTypes);","","\tvar _reactRouter = __webpack_require__(16);","","\tvar _Link = __webpack_require__(43);","","\tvar _Link2 = _interopRequireDefault(_Link);","","\tfunction _interopRequireDefault(obj) { return obj && obj.__esModule ? obj : { default: obj }; }","","\tfunction _objectWithoutProperties(obj, keys) { var target = {}; for (var i in obj) { if (keys.indexOf(i) >= 0) continue; if (!Object.prototype.hasOwnProperty.call(obj, i)) continue; target[i] = obj[i]; } return target; }","","\t/**","\t * A <Link> wrapper that knows if it's \"active\" or not.","\t */","\tvar NavLink = function NavLink(_ref) {","\t  var to = _ref.to,","\t      exact = _ref.exact,","\t      strict = _ref.strict,","\t      location = _ref.location,","\t      activeClassName = _ref.activeClassName,","\t      className = _ref.className,","\t      activeStyle = _ref.activeStyle,","\t      style = _ref.style,","\t      getIsActive = _ref.isActive,","\t      rest = _objectWithoutProperties(_ref, ['to', 'exact', 'strict', 'location', 'activeClassName', 'className', 'activeStyle', 'style', 'isActive']);","","\t  return _react2.default.createElement(_reactRouter.Route, {","\t    path: (typeof to === 'undefined' ? 'undefined' : _typeof(to)) === 'object' ? to.pathname : to,","\t    exact: exact,","\t    strict: strict,","\t    location: location,","\t    children: function children(_ref2) {","\t      var location = _ref2.location,","\t          match = _ref2.match;","","\t      var isActive = !!(getIsActive ? getIsActive(match, location) : match);","","\t      return _react2.default.createElement(_Link2.default, _extends({","\t        to: to,","\t        className: isActive ? [activeClassName, className].filter(function (i) {","\t          return i;","\t        }).join(' ') : className,","\t        style: isActive ? _extends({}, style, activeStyle) : style","\t      }, rest));","\t    }","\t  });","\t};","","\tNavLink.defaultProps = {","\t  activeClassName: 'active'","\t};","","\texports.default = NavLink;","","/***/ },","/* 46 */","/***/ function(module, exports, __webpack_require__) {","","\t'use strict';","","\texports.__esModule = true;","","\tvar _reactRouter = __webpack_require__(16);","","\tObject.defineProperty(exports, 'default', {","\t  enumerable: true,","\t  get: function get() {","\t    return _reactRouter.Prompt;","\t  }","\t});","","/***/ },","/* 47 */","/***/ function(module, exports, __webpack_require__) {","","\t'use strict';","","\texports.__esModule = true;","","\tvar _reactRouter = __webpack_require__(16);","","\tObject.defineProperty(exports, 'default', {","\t  enumerable: true,","\t  get: function get() {","\t    return _reactRouter.Redirect;","\t  }","\t});","","/***/ },","/* 48 */","/***/ function(module, exports, __webpack_require__) {","","\t'use strict';","","\texports.__esModule = true;","","\tvar _reactRouter = __webpack_require__(16);","","\tObject.defineProperty(exports, 'default', {","\t  enumerable: true,","\t  get: function get() {","\t    return _reactRouter.Route;","\t  }","\t});","","/***/ },","/* 49 */","/***/ function(module, exports, __webpack_require__) {","","\t'use strict';","","\texports.__esModule = true;","","\tvar _reactRouter = __webpack_require__(16);","","\tObject.defineProperty(exports, 'default', {","\t  enumerable: true,","\t  get: function get() {","\t    return _reactRouter.Router;","\t  }","\t});","","/***/ },","/* 50 */","/***/ function(module, exports, __webpack_require__) {","","\t'use strict';","","\texports.__esModule = true;","","\tvar _reactRouter = __webpack_require__(16);","","\tObject.defineProperty(exports, 'default', {","\t  enumerable: true,","\t  get: function get() {","\t    return _reactRouter.StaticRouter;","\t  }","\t});","","/***/ },","/* 51 */","/***/ function(module, exports, __webpack_require__) {","","\t'use strict';","","\texports.__esModule = true;","","\tvar _reactRouter = __webpack_require__(16);","","\tObject.defineProperty(exports, 'default', {","\t  enumerable: true,","\t  get: function get() {","\t    return _reactRouter.Switch;","\t  }","\t});","","/***/ },","/* 52 */","/***/ function(module, exports, __webpack_require__) {","","\t'use strict';","","\texports.__esModule = true;","","\tvar _reactRouter = __webpack_require__(16);","","\tObject.defineProperty(exports, 'default', {","\t  enumerable: true,","\t  get: function get() {","\t    return _reactRouter.matchPath;","\t  }","\t});","","/***/ },","/* 53 */","/***/ function(module, exports, __webpack_require__) {","","\t'use strict';","","\texports.__esModule = true;","","\tvar _reactRouter = __webpack_require__(16);","","\tObject.defineProperty(exports, 'default', {","\t  enumerable: true,","\t  get: function get() {","\t    return _reactRouter.withRouter;","\t  }","\t});","","/***/ }","/******/ ])","});",";"],"l":{"1":1,"2":1,"3":1,"4":0,"5":0,"6":0,"7":0,"9":0,"11":1,"13":1,"16":1,"19":107,"20":53,"23":54,"30":54,"33":54,"36":54,"41":1,"44":1,"47":1,"50":1,"59":1,"60":1,"62":1,"64":1,"66":1,"68":1,"70":1,"72":1,"74":1,"76":1,"78":1,"80":1,"82":1,"84":1,"86":1,"88":1,"90":1,"92":1,"94":1,"96":1,"98":1,"100":1,"102":1,"104":1,"106":1,"108":1,"110":1,"112":1,"114":13,"116":1,"117":1,"118":1,"119":1,"120":1,"121":1,"122":1,"123":1,"124":1,"125":1,"126":1,"127":1,"128":1,"136":1,"138":1,"140":1,"142":1,"144":1,"146":1,"148":1,"150":1,"152":3,"154":1,"156":1,"158":1,"163":1,"164":1,"166":1,"167":0,"169":0,"171":0,"172":0,"175":0,"178":1,"179":0,"182":1,"185":1,"191":1,"206":1,"207":0,"212":0,"213":0,"220":0,"221":0,"225":1,"244":1,"245":1,"247":1,"250":1,"251":0,"258":1,"259":1,"260":2,"262":1,"282":1,"283":1,"285":1,"306":1,"307":3,"308":0,"317":1,"319":1,"320":1,"321":1,"322":1,"323":1,"324":0,"326":1,"327":0,"330":1,"359":1,"361":1,"362":0,"363":0,"364":0,"369":1,"370":0,"372":0,"373":0,"374":0,"375":0,"377":0,"378":0,"379":0,"380":0,"382":0,"385":0,"386":0,"390":1,"398":1,"400":1,"402":1,"404":1,"406":1,"408":1,"410":1,"412":1,"414":1,"416":1,"418":1,"420":1,"422":3,"424":1,"425":1,"427":1,"428":0,"429":0,"433":0,"441":1,"442":0,"444":0,"446":0,"447":0,"448":0,"450":0,"457":0,"459":0,"460":0,"464":0,"470":0,"472":0,"474":0,"480":0,"481":0,"484":0,"486":0,"487":0,"489":0,"491":0,"494":0,"496":0,"498":0,"501":0,"502":0,"505":0,"507":0,"508":0,"509":0,"510":0,"512":0,"514":0,"515":0,"516":0,"518":0,"524":0,"525":0,"531":0,"533":0,"535":0,"537":0,"539":0,"541":0,"542":0,"543":0,"547":0,"548":0,"552":0,"553":0,"556":0,"557":0,"559":0,"560":0,"562":0,"563":0,"565":0,"566":0,"570":0,"571":0,"573":0,"574":0,"576":0,"577":0,"579":0,"580":0,"582":0,"585":0,"587":0,"592":0,"593":0,"595":0,"596":0,"598":0,"599":0,"601":0,"602":0,"606":0,"607":0,"609":0,"610":0,"612":0,"614":0,"616":0,"619":0,"621":0,"626":0,"627":0,"630":0,"631":0,"634":0,"635":0,"638":0,"640":0,"641":0,"643":0,"644":0,"646":0,"647":0,"648":0,"650":0,"654":0,"656":0,"657":0,"659":0,"661":0,"662":0,"663":0,"666":0,"667":0,"668":0,"669":0,"672":0,"676":0,"677":0,"678":0,"680":0,"681":0,"682":0,"686":0,"700":0,"703":1,"727":1,"729":1,"730":0,"731":0,"732":0,"733":0,"734":0,"736":0,"737":0,"743":0,"744":0,"750":0,"751":0,"752":0,"754":0,"756":0,"757":0,"759":0,"762":0,"768":1,"797":1,"798":0,"799":0,"800":0,"804":0,"805":0,"806":0,"807":0,"812":0,"813":0,"814":0,"815":0,"817":0,"820":0,"821":0,"825":1,"834":1,"835":1,"837":1,"839":1,"841":1,"843":1,"845":1,"847":1,"849":2,"851":1,"852":0,"853":0,"855":0,"856":0,"859":0,"861":0,"863":0,"864":0,"866":0,"869":0,"870":0,"872":0,"875":0,"878":0,"880":0,"882":0,"883":0,"884":0,"885":0,"889":0,"892":1,"893":0,"902":1,"903":0,"907":1,"908":0,"909":0,"910":0,"914":1,"915":0,"917":0,"918":0,"920":0,"921":0,"922":0,"924":0,"926":0,"927":0,"929":0,"930":0,"933":0,"935":0,"936":0,"937":0,"938":0,"940":0,"943":0,"944":0,"945":0,"947":0,"948":0,"949":0,"950":0,"951":0,"952":0,"953":0,"954":0,"958":0,"959":0,"960":0,"962":0,"964":0,"966":0,"969":1,"977":1,"979":1,"981":1,"982":0,"984":0,"986":0,"987":0,"989":0,"990":0,"994":0,"995":0,"997":0,"999":0,"1000":0,"1001":0,"1003":0,"1005":0,"1006":0,"1008":0,"1010":0,"1011":0,"1015":0,"1018":1,"1026":1,"1027":1,"1028":0,"1031":1,"1032":0,"1035":1,"1036":0,"1039":1,"1040":0,"1043":1,"1044":0,"1045":0,"1046":0,"1048":0,"1049":0,"1050":0,"1051":0,"1054":0,"1055":0,"1056":0,"1057":0,"1060":0,"1062":0,"1069":1,"1070":0,"1075":0,"1077":0,"1079":0,"1081":0,"1090":1,"1092":1,"1094":1,"1096":1,"1098":1,"1099":0,"1101":0,"1102":0,"1104":0,"1106":0,"1107":0,"1111":0,"1115":0,"1116":0,"1118":0,"1119":0,"1120":0,"1122":0,"1124":0,"1128":0,"1131":0,"1135":0,"1137":0,"1138":0,"1140":0,"1141":0,"1144":0,"1146":0,"1147":0,"1148":0,"1149":0,"1154":0,"1155":0,"1156":0,"1159":0,"1160":0,"1164":0,"1172":1,"1180":1,"1181":1,"1183":1,"1184":0,"1187":1,"1188":0,"1191":1,"1192":0,"1202":1,"1203":0,"1205":0,"1207":0,"1214":1,"1215":0,"1221":1,"1222":0,"1230":1,"1231":0,"1240":1,"1241":1,"1243":1,"1245":1,"1247":1,"1249":1,"1251":1,"1253":1,"1255":1,"1257":1,"1259":1,"1261":1,"1263":1,"1265":1,"1267":1,"1269":1,"1271":1,"1273":1,"1275":1,"1277":1,"1279":1,"1280":9,"1283":1,"1284":1,"1285":1,"1286":1,"1287":1,"1288":1,"1289":1,"1290":1,"1291":1,"1299":1,"1301":1,"1303":1,"1305":1,"1307":1,"1309":1,"1311":1,"1313":1,"1315":1,"1317":1,"1318":4,"1321":1,"1322":0,"1323":0,"1327":1,"1328":0,"1329":0,"1330":0,"1333":1,"1334":1,"1335":0,"1336":1,"1342":1,"1343":1,"1345":1,"1346":0,"1348":0,"1350":0,"1351":0,"1354":0,"1357":1,"1358":0,"1361":1,"1364":1,"1371":1,"1386":1,"1387":0,"1392":0,"1393":0,"1400":0,"1401":0,"1405":1,"1424":1,"1425":1,"1427":1,"1430":1,"1431":0,"1438":1,"1439":1,"1440":10,"1442":1,"1462":1,"1463":1,"1465":1,"1486":1,"1487":3,"1488":0,"1497":1,"1499":1,"1500":1,"1501":1,"1502":1,"1503":1,"1504":0,"1506":1,"1507":0,"1510":1,"1539":1,"1541":1,"1542":0,"1543":0,"1544":0,"1549":1,"1550":0,"1552":0,"1553":0,"1554":0,"1555":0,"1557":0,"1558":0,"1559":0,"1560":0,"1562":0,"1565":0,"1566":0,"1570":1,"1578":1,"1580":1,"1582":1,"1584":1,"1586":1,"1588":1,"1590":1,"1592":1,"1594":1,"1596":2,"1598":1,"1599":0,"1605":1,"1606":0,"1607":0,"1616":0,"1618":0,"1619":0,"1621":0,"1623":0,"1626":0,"1627":0,"1630":0,"1631":0,"1632":0,"1637":0,"1639":0,"1640":0,"1642":0,"1643":0,"1645":0,"1646":0,"1648":0,"1649":0,"1651":0,"1652":0,"1653":0,"1655":0,"1658":0,"1667":0,"1668":0,"1670":0,"1671":0,"1673":0,"1674":0,"1676":0,"1678":0,"1682":0,"1683":0,"1685":0,"1686":0,"1688":0,"1689":0,"1690":0,"1698":0,"1703":0,"1704":0,"1707":0,"1708":0,"1711":0,"1712":0,"1713":0,"1716":0,"1717":0,"1718":0,"1721":0,"1722":0,"1725":0,"1742":0,"1745":1,"1769":1,"1771":1,"1772":0,"1773":0,"1774":0,"1775":0,"1776":0,"1778":0,"1779":0,"1785":0,"1786":0,"1792":0,"1793":0,"1794":0,"1796":0,"1798":0,"1799":0,"1801":0,"1804":0,"1810":1,"1819":1,"1820":1,"1821":0,"1824":1,"1825":0,"1828":1,"1829":0,"1832":1,"1833":0,"1836":1,"1837":0,"1838":0,"1839":0,"1841":0,"1842":0,"1843":0,"1844":0,"1847":0,"1848":0,"1849":0,"1850":0,"1853":0,"1855":0,"1862":1,"1863":0,"1868":0,"1870":0,"1872":0,"1874":0,"1883":1,"1884":1,"1886":1,"1888":1,"1890":1,"1892":1,"1894":1,"1896":1,"1898":2,"1900":1,"1901":0,"1902":0,"1904":0,"1905":0,"1908":0,"1910":0,"1912":0,"1913":0,"1915":0,"1918":0,"1919":0,"1921":0,"1924":0,"1927":0,"1929":0,"1931":0,"1932":0,"1933":0,"1934":0,"1938":0,"1941":1,"1942":0,"1951":1,"1952":0,"1956":1,"1957":0,"1958":0,"1959":0,"1963":1,"1964":0,"1966":0,"1967":0,"1969":0,"1970":0,"1971":0,"1973":0,"1975":0,"1976":0,"1978":0,"1979":0,"1982":0,"1984":0,"1985":0,"1986":0,"1987":0,"1989":0,"1992":0,"1993":0,"1994":0,"1996":0,"1997":0,"1998":0,"1999":0,"2000":0,"2001":0,"2002":0,"2003":0,"2007":0,"2008":0,"2009":0,"2011":0,"2013":0,"2015":0,"2018":1,"2026":1,"2028":1,"2030":1,"2031":0,"2033":0,"2035":0,"2036":0,"2038":0,"2039":0,"2043":0,"2044":0,"2046":0,"2048":0,"2049":0,"2050":0,"2052":0,"2054":0,"2055":0,"2057":0,"2059":0,"2060":0,"2064":0,"2067":1,"2075":1,"2077":1,"2079":1,"2081":1,"2083":1,"2084":0,"2086":0,"2087":0,"2089":0,"2091":0,"2092":0,"2096":0,"2100":0,"2101":0,"2103":0,"2104":0,"2105":0,"2107":0,"2109":0,"2113":0,"2116":0,"2120":0,"2122":0,"2123":0,"2125":0,"2126":0,"2129":0,"2131":0,"2132":0,"2133":0,"2134":0,"2139":0,"2140":0,"2141":0,"2144":0,"2145":0,"2149":0,"2157":1,"2165":1,"2167":1,"2168":0,"2169":0,"2170":0,"2171":0,"2174":0,"2177":1,"2179":1,"2181":1,"2183":1,"2185":1,"2187":1,"2189":1,"2191":1,"2193":1,"2194":4,"2197":1,"2198":0,"2199":0,"2203":1,"2204":0,"2205":0,"2206":0,"2209":1,"2210":1,"2211":0,"2212":1,"2218":1,"2219":1,"2221":1,"2222":0,"2224":0,"2226":0,"2227":0,"2230":0,"2235":1,"2236":0,"2247":1,"2248":0,"2256":1,"2257":0,"2259":0,"2263":0,"2268":0,"2269":0,"2275":1,"2276":0,"2279":1,"2280":0,"2283":1,"2284":0,"2286":0,"2289":1,"2292":1,"2296":1,"2299":1,"2302":1,"2330":1,"2331":0,"2332":0,"2333":0,"2337":0,"2338":0,"2339":0,"2340":0,"2345":0,"2346":0,"2347":0,"2348":0,"2350":0,"2353":0,"2354":0,"2358":1,"2367":1,"2369":1,"2371":1,"2373":1,"2375":1,"2377":1,"2378":2,"2381":1,"2382":0,"2383":0,"2387":1,"2388":0,"2389":0,"2390":0,"2393":1,"2394":1,"2395":0,"2396":1,"2403":1,"2404":1,"2406":1,"2407":0,"2409":0,"2412":1,"2413":0,"2415":0,"2418":1,"2419":0,"2420":0,"2421":0,"2425":1,"2426":0,"2429":1,"2430":0,"2431":0,"2433":0,"2437":1,"2438":0,"2441":1,"2442":0,"2445":1,"2448":1,"2452":1,"2455":1,"2462":1,"2470":1,"2472":1,"2474":1,"2476":1,"2478":1,"2480":1,"2481":2,"2484":1,"2485":0,"2486":0,"2490":1,"2491":0,"2492":0,"2493":0,"2496":1,"2497":1,"2498":0,"2499":1,"2506":1,"2507":1,"2509":1,"2510":0,"2512":0,"2515":1,"2516":0,"2519":1,"2520":0,"2523":1,"2524":0,"2527":1,"2528":0,"2529":0,"2533":0,"2534":0,"2536":0,"2540":1,"2541":0,"2544":1,"2547":1,"2552":1,"2555":1,"2564":1,"2572":1,"2574":1,"2575":0,"2576":0,"2577":0,"2578":0,"2581":0,"2584":1,"2586":1,"2588":1,"2590":1,"2592":1,"2594":1,"2596":1,"2598":1,"2600":1,"2601":4,"2604":1,"2605":0,"2606":0,"2610":1,"2611":0,"2612":0,"2613":0,"2616":1,"2617":1,"2618":0,"2619":1,"2625":1,"2626":1,"2628":1,"2629":0,"2631":0,"2633":0,"2634":0,"2637":0,"2642":1,"2643":0,"2653":1,"2654":0,"2659":0,"2661":0,"2663":0,"2665":0,"2668":1,"2669":0,"2674":0,"2676":0,"2678":0,"2681":1,"2682":0,"2684":0,"2686":0,"2691":1,"2692":0,"2693":0,"2697":0,"2702":0,"2703":0,"2705":0,"2712":1,"2715":1,"2725":1,"2732":1,"2735":1,"2743":1,"2745":1,"2747":1,"2749":1,"2750":1,"2753":1,"2754":1,"2755":1,"2757":1,"2758":0,"2759":0,"2761":0,"2763":0,"2764":0,"2765":0,"2767":0,"2768":0,"2769":0,"2772":0,"2778":1,"2779":0,"2781":0,"2783":0,"2791":0,"2795":0,"2797":0,"2799":0,"2802":0,"2804":0,"2806":0,"2811":0,"2812":0,"2817":1,"2823":1,"2828":1,"2829":1,"2830":1,"2831":1,"2832":1,"2839":1,"2859":1,"2860":0,"2861":0,"2862":0,"2863":0,"2864":0,"2865":0,"2867":0,"2868":0,"2869":0,"2870":0,"2871":0,"2872":0,"2875":0,"2876":0,"2877":0,"2880":0,"2881":0,"2882":0,"2883":0,"2884":0,"2885":0,"2886":0,"2889":0,"2890":0,"2891":0,"2894":0,"2895":0,"2896":0,"2897":0,"2898":0,"2900":0,"2913":0,"2914":0,"2918":0,"2919":0,"2922":0,"2932":1,"2933":0,"2942":1,"2943":0,"2944":0,"2954":1,"2955":0,"2956":0,"2963":1,"2965":0,"2968":0,"2969":0,"2970":0,"2974":0,"2975":0,"2976":0,"2977":0,"2978":0,"2980":0,"2981":0,"2983":0,"2984":0,"2986":0,"2989":0,"2990":0,"2992":0,"2993":0,"2995":0,"2996":0,"2999":0,"3001":0,"3005":0,"3006":0,"3007":0,"3010":0,"3011":0,"3012":0,"3014":0,"3018":0,"3019":0,"3021":0,"3022":0,"3025":0,"3028":0,"3031":0,"3033":0,"3034":0,"3037":0,"3040":0,"3050":1,"3051":0,"3060":1,"3061":0,"3071":1,"3072":0,"3073":0,"3082":1,"3083":0,"3093":1,"3095":0,"3097":0,"3098":0,"3099":0,"3112":0,"3123":1,"3124":0,"3126":0,"3127":0,"3130":0,"3132":0,"3143":1,"3144":0,"3155":1,"3156":0,"3157":0,"3158":0,"3161":0,"3163":0,"3164":0,"3165":0,"3168":0,"3169":0,"3171":0,"3172":0,"3174":0,"3175":0,"3177":0,"3179":0,"3180":0,"3183":0,"3184":0,"3185":0,"3187":0,"3190":0,"3193":0,"3197":0,"3198":0,"3204":0,"3205":0,"3208":0,"3209":0,"3213":0,"3216":0,"3231":1,"3232":0,"3233":0,"3234":0,"3237":0,"3239":0,"3240":0,"3243":0,"3244":0,"3247":0,"3255":1,"3256":0,"3266":1,"3268":1,"3269":0,"3270":0,"3271":0,"3272":0,"3275":0,"3278":1,"3280":1,"3282":1,"3284":1,"3286":1,"3288":1,"3290":1,"3292":1,"3294":1,"3296":1,"3297":4,"3300":1,"3301":0,"3302":0,"3303":0,"3306":1,"3307":0,"3308":0,"3312":1,"3313":0,"3314":0,"3315":0,"3318":1,"3319":1,"3320":0,"3321":1,"3324":1,"3325":0,"3332":0,"3339":1,"3340":0,"3342":0,"3347":1,"3348":0,"3350":0,"3352":0,"3354":0,"3359":1,"3360":0,"3363":1,"3364":0,"3367":1,"3368":0,"3369":0,"3373":1,"3382":1,"3383":1,"3385":1,"3386":0,"3388":0,"3390":0,"3391":0,"3394":0,"3395":0,"3397":0,"3401":0,"3402":0,"3403":0,"3405":0,"3409":0,"3410":0,"3411":0,"3413":0,"3415":0,"3419":1,"3420":0,"3427":1,"3428":0,"3434":0,"3447":0,"3450":1,"3453":1,"3458":1,"3462":1,"3465":1,"3473":1,"3475":1,"3477":1,"3479":1,"3481":1,"3483":1,"3485":1,"3487":1,"3489":1,"3491":1,"3492":4,"3495":1,"3496":0,"3497":0,"3501":1,"3502":0,"3503":0,"3504":0,"3507":1,"3508":1,"3509":0,"3510":1,"3516":1,"3517":1,"3519":1,"3520":0,"3522":0,"3525":1,"3526":0,"3528":0,"3531":1,"3532":0,"3533":0,"3535":0,"3537":0,"3539":0,"3540":0,"3542":0,"3548":0,"3550":0,"3551":0,"3552":0,"3556":0,"3559":1,"3562":1,"3567":1,"3571":1,"3579":1,"3581":1,"3582":0,"3583":0,"3584":0,"3585":0,"3588":0,"3591":1,"3593":1,"3595":1,"3597":1,"3599":1,"3601":1,"3603":1,"3605":1,"3607":1,"3608":4,"3611":1,"3612":0,"3613":0,"3614":0,"3620":1,"3621":0,"3622":0,"3625":0,"3626":0,"3630":0,"3631":0,"3632":0,"3636":0,"3639":1,"3651":1,"3662":1,"3671":1,"3673":1,"3674":0,"3675":0,"3678":0,"3679":0,"3682":0,"3683":0,"3684":0,"3685":0,"3693":0,"3703":1,"3705":1,"3707":1,"3709":1,"3711":1,"3713":1,"3715":1,"3717":1,"3719":3,"3721":1,"3723":1,"3725":1,"3730":1,"3731":1,"3733":1,"3734":0,"3736":0,"3738":0,"3739":0,"3742":0,"3745":1,"3746":0,"3749":1,"3752":1,"3760":1,"3762":1,"3764":1,"3766":1,"3768":1,"3770":1,"3772":1,"3774":1,"3776":1,"3778":1,"3780":1,"3782":3,"3784":1,"3786":1,"3789":0,"3792":0,"3805":1,"3808":0,"3809":0,"3810":0,"3813":1,"3814":0,"3817":1,"3818":0,"3820":0,"3823":1,"3824":0,"3826":0,"3828":0,"3829":0,"3831":0,"3836":0,"3838":0,"3843":0,"3844":0,"3846":0,"3848":0,"3851":0,"3853":0,"3854":0,"3856":0,"3858":0,"3861":0,"3862":0,"3864":0,"3865":0,"3866":0,"3868":0,"3870":0,"3872":0,"3873":0,"3875":0,"3877":0,"3879":0,"3881":0,"3885":0,"3886":0,"3887":0,"3888":0,"3890":0,"3892":0,"3893":0,"3894":0,"3896":0,"3902":0,"3903":0,"3909":0,"3911":0,"3913":0,"3915":0,"3917":0,"3919":0,"3920":0,"3921":0,"3926":0,"3927":0,"3929":0,"3931":0,"3932":0,"3936":0,"3937":0,"3940":0,"3941":0,"3943":0,"3944":0,"3946":0,"3947":0,"3949":0,"3950":0,"3951":0,"3953":0,"3957":0,"3958":0,"3960":0,"3961":0,"3963":0,"3964":0,"3966":0,"3968":0,"3970":0,"3975":0,"3976":0,"3978":0,"3979":0,"3981":0,"3982":0,"3984":0,"3985":0,"3986":0,"3988":0,"3992":0,"3993":0,"3996":0,"3998":0,"4000":0,"4004":0,"4005":0,"4007":0,"4010":0,"4011":0,"4014":0,"4015":0,"4018":0,"4020":0,"4021":0,"4023":0,"4024":0,"4025":0,"4026":0,"4030":0,"4032":0,"4033":0,"4035":0,"4037":0,"4038":0,"4039":0,"4042":0,"4043":0,"4044":0,"4045":0,"4048":0,"4052":0,"4053":0,"4054":0,"4056":0,"4057":0,"4058":0,"4062":0,"4076":0,"4079":1,"4087":1,"4089":1,"4091":1,"4093":1,"4095":1,"4097":1,"4099":2,"4101":1,"4103":1,"4105":1,"4107":1,"4109":1,"4110":0,"4117":1,"4118":1,"4120":1,"4121":0,"4123":0,"4125":0,"4126":0,"4129":0,"4130":0,"4132":0,"4137":0,"4139":0,"4140":0,"4145":0,"4146":0,"4148":0,"4154":1,"4155":0,"4160":0,"4162":0,"4165":1,"4168":1,"4171":1,"4180":1,"4188":1,"4190":1,"4192":1,"4195":1,"4205":1,"4207":1,"4209":1,"4211":1,"4213":1,"4215":1,"4217":1,"4219":1,"4221":1,"4223":1,"4225":3,"4227":1,"4232":1,"4233":0,"4244":0,"4250":0,"4253":0,"4255":0,"4258":0,"4266":1,"4270":1,"4278":1,"4280":1,"4282":1,"4285":1,"4295":1,"4297":1,"4299":1,"4302":1,"4312":1,"4314":1,"4316":1,"4319":1,"4329":1,"4331":1,"4333":1,"4336":1,"4346":1,"4348":1,"4350":1,"4353":1,"4363":1,"4365":1,"4367":1,"4370":1,"4380":1,"4382":1,"4384":1,"4387":1,"4397":1,"4399":1,"4401":1,"4404":1}}}